<?xml version="1.0" encoding="UTF-8"?>
<testsuite name="TestSuite" time="0.398" tests="34" errors="0" skipped="0" failures="0">
  <properties>
[...]
</properties>
  <testcase name="testCreateWithNullCreated" classname="cz.muni.fi.pa165.travelAgency.persistence.dao.ReservationDaoTest" time="0.022"/>
  <testcase name="testCreateWithNullCustomer" classname="cz.muni.fi.pa165.travelAgency.persistence.dao.ReservationDaoTest" time="0.002"/>
  <testcase name="testCreateWithNullTrip" classname="cz.muni.fi.pa165.travelAgency.persistence.dao.ReservationDaoTest" time="0.001"/>
  <testcase name="testFindAllReservations" classname="cz.muni.fi.pa165.travelAgency.persistence.dao.ReservationDaoTest" time="0.163"/>
  <testcase name="testFindByCustomer" classname="cz.muni.fi.pa165.travelAgency.persistence.dao.ReservationDaoTest" time="0.024"/>
  <testcase name="testFindById" classname="cz.muni.fi.pa165.travelAgency.persistence.dao.ReservationDaoTest" time="0.005"/>
  <testcase name="testFindByTrip" classname="cz.muni.fi.pa165.travelAgency.persistence.dao.ReservationDaoTest" time="0.01"/>
  <testcase name="testRemove" classname="cz.muni.fi.pa165.travelAgency.persistence.dao.ReservationDaoTest" time="0.031"/>
  <testcase name="testUpdate" classname="cz.muni.fi.pa165.travelAgency.persistence.dao.ReservationDaoTest" time="0.007"/>
  <testcase name="testCreate" classname="cz.muni.fi.pa165.travelAgency.persistence.dao.TripDaoTest" time="0.007"/>
  <testcase name="testFindAll" classname="cz.muni.fi.pa165.travelAgency.persistence.dao.TripDaoTest" time="0.016"/>
  <testcase name="testFindByCountry" classname="cz.muni.fi.pa165.travelAgency.persistence.dao.TripDaoTest" time="0.015"/>
  <testcase name="testFindById" classname="cz.muni.fi.pa165.travelAgency.persistence.dao.TripDaoTest" time="0.005"/>
  <testcase name="testNegativePrice" classname="cz.muni.fi.pa165.travelAgency.persistence.dao.TripDaoTest" time="0.003"/>
  <testcase name="testNullCreated" classname="cz.muni.fi.pa165.travelAgency.persistence.dao.TripDaoTest" time="0.002"/>
  <testcase name="testNullFrom" classname="cz.muni.fi.pa165.travelAgency.persistence.dao.TripDaoTest" time="0.001"/>
  <testcase name="testNullPrice" classname="cz.muni.fi.pa165.travelAgency.persistence.dao.TripDaoTest" time="0.002"/>
  <testcase name="testNullTo" classname="cz.muni.fi.pa165.travelAgency.persistence.dao.TripDaoTest" time="0.001"/>
  <testcase name="testPastFromDate" classname="cz.muni.fi.pa165.travelAgency.persistence.dao.TripDaoTest" time="0.002"/>
  <testcase name="testPastToDate" classname="cz.muni.fi.pa165.travelAgency.persistence.dao.TripDaoTest" time="0.002"/>
  <testcase name="testRemove" classname="cz.muni.fi.pa165.travelAgency.persistence.dao.TripDaoTest" time="0.006"/>
  <testcase name="testUpdate" classname="cz.muni.fi.pa165.travelAgency.persistence.dao.TripDaoTest" time="0.002"/>
  <testcase name="createTest" classname="cz.muni.fi.pa165.travelAgency.persistence.dao.UserDaoTest" time="0.009"/>
  <testcase name="findAllCustomersTest" classname="cz.muni.fi.pa165.travelAgency.persistence.dao.UserDaoTest" time="0.011"/>
  <testcase name="findByEmailTest" classname="cz.muni.fi.pa165.travelAgency.persistence.dao.UserDaoTest" time="0.003"/>
  <testcase name="findByIdTest" classname="cz.muni.fi.pa165.travelAgency.persistence.dao.UserDaoTest" time="0.009"/>
  <testcase name="removeTest" classname="cz.muni.fi.pa165.travelAgency.persistence.dao.UserDaoTest" time="0.009"/>
  <testcase name="testNullAddress" classname="cz.muni.fi.pa165.travelAgency.persistence.dao.UserDaoTest" time="0"/>
  <testcase name="testNullCreated" classname="cz.muni.fi.pa165.travelAgency.persistence.dao.UserDaoTest" time="0.001"/>
  <testcase name="testNullLastName" classname="cz.muni.fi.pa165.travelAgency.persistence.dao.UserDaoTest" time="0.001"/>
  <testcase name="testNullPhoneNumber" classname="cz.muni.fi.pa165.travelAgency.persistence.dao.UserDaoTest" time="0.001"/>
  <testcase name="testNullUserRole" classname="cz.muni.fi.pa165.travelAgency.persistence.dao.UserDaoTest" time="0.003"/>
  <testcase name="testNullfirstName" classname="cz.muni.fi.pa165.travelAgency.persistence.dao.UserDaoTest" time="0.001"/>
  <testcase name="updateTest" classname="cz.muni.fi.pa165.travelAgency.persistence.dao.UserDaoTest" time="0.021"/>
</testsuite>