<?xml version="1.0" encoding="UTF-8"?>
<testng-results skipped="0" failed="0" total="7" passed="7">
  <reporter-output>
  </reporter-output>
  <suite name="Surefire suite" duration-ms="3316" started-at="2016-10-31T17:55:26Z" finished-at="2016-10-31T17:55:29Z">
    <groups>
    </groups>
    <test name="Surefire test" duration-ms="3316" started-at="2016-10-31T17:55:26Z" finished-at="2016-10-31T17:55:29Z">
      <class name="cz.muni.fi.pa165.travelAgency.persistence.dao.ReservationDaoTest">
        <test-method status="PASS" signature="springTestContextBeforeTestClass()[pri:0, instance:cz.muni.fi.pa165.travelAgency.persistence.dao.ReservationDaoTest@67b92f0a]" name="springTestContextBeforeTestClass" is-config="true" duration-ms="6" started-at="2016-10-31T18:55:26Z" finished-at="2016-10-31T18:55:26Z">
          <reporter-output>
          </reporter-output>
        </test-method> <!-- springTestContextBeforeTestClass -->
        <test-method status="PASS" signature="springTestContextPrepareTestInstance()[pri:0, instance:cz.muni.fi.pa165.travelAgency.persistence.dao.ReservationDaoTest@67b92f0a]" name="springTestContextPrepareTestInstance" is-config="true" duration-ms="2721" started-at="2016-10-31T18:55:26Z" depends-on-methods="org.springframework.test.context.testng.AbstractTestNGSpringContextTests.springTestContextBeforeTestClass" finished-at="2016-10-31T18:55:29Z">
          <reporter-output>
          </reporter-output>
        </test-method> <!-- springTestContextPrepareTestInstance -->
        <test-method status="PASS" signature="springTestContextBeforeTestMethod(java.lang.reflect.Method)[pri:0, instance:cz.muni.fi.pa165.travelAgency.persistence.dao.ReservationDaoTest@67b92f0a]" name="springTestContextBeforeTestMethod" is-config="true" duration-ms="93" started-at="2016-10-31T18:55:29Z" finished-at="2016-10-31T18:55:29Z">
          <params>
            <param index="0">
              <value>
                <![CDATA[public void cz.muni.fi.pa165.travelAgency.persistence.dao.ReservationDaoTest.createWithNullTrip()]]>
              </value>
            </param>
          </params>
          <reporter-output>
          </reporter-output>
        </test-method> <!-- springTestContextBeforeTestMethod -->
        <test-method status="PASS" signature="setUp()[pri:0, instance:cz.muni.fi.pa165.travelAgency.persistence.dao.ReservationDaoTest@67b92f0a]" name="setUp" is-config="true" duration-ms="93" started-at="2016-10-31T18:55:29Z" finished-at="2016-10-31T18:55:29Z">
          <reporter-output>
          </reporter-output>
        </test-method> <!-- setUp -->
        <test-method status="PASS" signature="createWithNullTrip()[pri:0, instance:cz.muni.fi.pa165.travelAgency.persistence.dao.ReservationDaoTest@67b92f0a]" name="createWithNullTrip" duration-ms="16" started-at="2016-10-31T18:55:29Z" finished-at="2016-10-31T18:55:29Z">
          <exception class="javax.validation.ConstraintViolationException">
            <message>
              <![CDATA[Validation failed for classes [cz.muni.fi.pa165.travelAgency.persistence.entity.Reservation] during persist time for groups [javax.validation.groups.Default, ]
List of constraint violations:[
	ConstraintViolationImpl{interpolatedMessage='nesmí být null', propertyPath=trip, rootBeanClass=class cz.muni.fi.pa165.travelAgency.persistence.entity.Reservation, messageTemplate='{javax.validation.constraints.NotNull.message}'}
]]]>
            </message>
            <full-stacktrace>
              <![CDATA[javax.validation.ConstraintViolationException: Validation failed for classes [cz.muni.fi.pa165.travelAgency.persistence.entity.Reservation] during persist time for groups [javax.validation.groups.Default, ]
List of constraint violations:[
	ConstraintViolationImpl{interpolatedMessage='nesmí být null', propertyPath=trip, rootBeanClass=class cz.muni.fi.pa165.travelAgency.persistence.entity.Reservation, messageTemplate='{javax.validation.constraints.NotNull.message}'}
]
	at org.hibernate.cfg.beanvalidation.BeanValidationEventListener.validate(BeanValidationEventListener.java:160)
	at org.hibernate.cfg.beanvalidation.BeanValidationEventListener.onPreInsert(BeanValidationEventListener.java:95)
	at org.hibernate.action.internal.EntityIdentityInsertAction.preInsert(EntityIdentityInsertAction.java:214)
	at org.hibernate.action.internal.EntityIdentityInsertAction.execute(EntityIdentityInsertAction.java:92)
	at org.hibernate.engine.spi.ActionQueue.execute(ActionQueue.java:492)
	at org.hibernate.engine.spi.ActionQueue.addResolvedEntityInsertAction(ActionQueue.java:197)
	at org.hibernate.engine.spi.ActionQueue.addInsertAction(ActionQueue.java:181)
	at org.hibernate.engine.spi.ActionQueue.addAction(ActionQueue.java:216)
	at org.hibernate.event.internal.AbstractSaveEventListener.addInsertAction(AbstractSaveEventListener.java:334)
	at org.hibernate.event.internal.AbstractSaveEventListener.performSaveOrReplicate(AbstractSaveEventListener.java:289)
	at org.hibernate.event.internal.AbstractSaveEventListener.performSave(AbstractSaveEventListener.java:195)
	at org.hibernate.event.internal.AbstractSaveEventListener.saveWithGeneratedId(AbstractSaveEventListener.java:126)
	at org.hibernate.jpa.event.internal.core.JpaPersistEventListener.saveWithGeneratedId(JpaPersistEventListener.java:84)
	at org.hibernate.event.internal.DefaultPersistEventListener.entityIsTransient(DefaultPersistEventListener.java:206)
	at org.hibernate.event.internal.DefaultPersistEventListener.onPersist(DefaultPersistEventListener.java:149)
	at org.hibernate.event.internal.DefaultPersistEventListener.onPersist(DefaultPersistEventListener.java:75)
	at org.hibernate.internal.SessionImpl.firePersist(SessionImpl.java:811)
	at org.hibernate.internal.SessionImpl.persist(SessionImpl.java:784)
	at org.hibernate.internal.SessionImpl.persist(SessionImpl.java:789)
	at org.hibernate.jpa.spi.AbstractEntityManagerImpl.persist(AbstractEntityManagerImpl.java:1181)
	at sun.reflect.NativeMethodAccessorImpl.invoke0(Native Method)
	at sun.reflect.NativeMethodAccessorImpl.invoke(NativeMethodAccessorImpl.java:62)
	at sun.reflect.DelegatingMethodAccessorImpl.invoke(DelegatingMethodAccessorImpl.java:43)
	at java.lang.reflect.Method.invoke(Method.java:498)
	at org.springframework.orm.jpa.SharedEntityManagerCreator$SharedEntityManagerInvocationHandler.invoke(SharedEntityManagerCreator.java:289)
	at com.sun.proxy.$Proxy43.persist(Unknown Source)
	at cz.muni.fi.pa165.travelAgency.persistence.dao.ReservationDaoImpl.create(ReservationDaoImpl.java:25)
	at sun.reflect.NativeMethodAccessorImpl.invoke0(Native Method)
	at sun.reflect.NativeMethodAccessorImpl.invoke(NativeMethodAccessorImpl.java:62)
	at sun.reflect.DelegatingMethodAccessorImpl.invoke(DelegatingMethodAccessorImpl.java:43)
	at java.lang.reflect.Method.invoke(Method.java:498)
	at org.springframework.aop.support.AopUtils.invokeJoinpointUsingReflection(AopUtils.java:317)
	at org.springframework.aop.framework.ReflectiveMethodInvocation.invokeJoinpoint(ReflectiveMethodInvocation.java:190)
	at org.springframework.aop.framework.ReflectiveMethodInvocation.proceed(ReflectiveMethodInvocation.java:157)
	at org.springframework.transaction.interceptor.TransactionInterceptor$1.proceedWithInvocation(TransactionInterceptor.java:98)
	at org.springframework.transaction.interceptor.TransactionAspectSupport.invokeWithinTransaction(TransactionAspectSupport.java:262)
	at org.springframework.transaction.interceptor.TransactionInterceptor.invoke(TransactionInterceptor.java:95)
	at org.springframework.aop.framework.ReflectiveMethodInvocation.proceed(ReflectiveMethodInvocation.java:179)
	at org.springframework.aop.framework.JdkDynamicAopProxy.invoke(JdkDynamicAopProxy.java:207)
	at com.sun.proxy.$Proxy44.create(Unknown Source)
	at cz.muni.fi.pa165.travelAgency.persistence.dao.ReservationDaoTest.createWithNullTrip(ReservationDaoTest.java:151)
	at sun.reflect.NativeMethodAccessorImpl.invoke0(Native Method)
	at sun.reflect.NativeMethodAccessorImpl.invoke(NativeMethodAccessorImpl.java:62)
	at sun.reflect.DelegatingMethodAccessorImpl.invoke(DelegatingMethodAccessorImpl.java:43)
	at java.lang.reflect.Method.invoke(Method.java:498)
	at org.testng.internal.MethodInvocationHelper.invokeMethod(MethodInvocationHelper.java:85)
	at org.testng.internal.MethodInvocationHelper$1.runTestMethod(MethodInvocationHelper.java:200)
	at org.springframework.test.context.testng.AbstractTestNGSpringContextTests.run(AbstractTestNGSpringContextTests.java:172)
	at org.testng.internal.MethodInvocationHelper.invokeHookable(MethodInvocationHelper.java:212)
	at org.testng.internal.Invoker.invokeMethod(Invoker.java:689)
	at org.testng.internal.Invoker.invokeTestMethod(Invoker.java:882)
	at org.testng.internal.Invoker.invokeTestMethods(Invoker.java:1189)
	at org.testng.internal.TestMethodWorker.invokeTestMethods(TestMethodWorker.java:124)
	at org.testng.internal.TestMethodWorker.run(TestMethodWorker.java:108)
	at org.testng.TestRunner.privateRun(TestRunner.java:767)
	at org.testng.TestRunner.run(TestRunner.java:617)
	at org.testng.SuiteRunner.runTest(SuiteRunner.java:348)
	at org.testng.SuiteRunner.runSequentially(SuiteRunner.java:343)
	at org.testng.SuiteRunner.privateRun(SuiteRunner.java:305)
	at org.testng.SuiteRunner.run(SuiteRunner.java:254)
	at org.testng.SuiteRunnerWorker.runSuite(SuiteRunnerWorker.java:52)
	at org.testng.SuiteRunnerWorker.run(SuiteRunnerWorker.java:86)
	at org.testng.TestNG.runSuitesSequentially(TestNG.java:1224)
	at org.testng.TestNG.runSuitesLocally(TestNG.java:1149)
	at org.testng.TestNG.run(TestNG.java:1057)
	at org.apache.maven.surefire.testng.TestNGExecutor.run(TestNGExecutor.java:115)
	at org.apache.maven.surefire.testng.TestNGDirectoryTestSuite.executeSingleClass(TestNGDirectoryTestSuite.java:129)
	at org.apache.maven.surefire.testng.TestNGDirectoryTestSuite.execute(TestNGDirectoryTestSuite.java:113)
	at org.apache.maven.surefire.testng.TestNGProvider.invoke(TestNGProvider.java:111)
	at org.apache.maven.surefire.booter.ForkedBooter.invokeProviderInSameClassLoader(ForkedBooter.java:203)
	at org.apache.maven.surefire.booter.ForkedBooter.runSuitesInProcess(ForkedBooter.java:155)
	at org.apache.maven.surefire.booter.ForkedBooter.main(ForkedBooter.java:103)
]]>
            </full-stacktrace>
          </exception> <!-- javax.validation.ConstraintViolationException -->
          <reporter-output>
          </reporter-output>
        </test-method> <!-- createWithNullTrip -->
        <test-method status="PASS" signature="springTestContextAfterTestMethod(java.lang.reflect.Method)[pri:0, instance:cz.muni.fi.pa165.travelAgency.persistence.dao.ReservationDaoTest@67b92f0a]" name="springTestContextAfterTestMethod" is-config="true" duration-ms="15" started-at="2016-10-31T18:55:29Z" finished-at="2016-10-31T18:55:29Z">
          <params>
            <param index="0">
              <value>
                <![CDATA[public void cz.muni.fi.pa165.travelAgency.persistence.dao.ReservationDaoTest.createWithNullTrip()]]>
              </value>
            </param>
          </params>
          <reporter-output>
          </reporter-output>
        </test-method> <!-- springTestContextAfterTestMethod -->
        <test-method status="PASS" signature="setUp()[pri:0, instance:cz.muni.fi.pa165.travelAgency.persistence.dao.ReservationDaoTest@67b92f0a]" name="setUp" is-config="true" duration-ms="21" started-at="2016-10-31T18:55:29Z" finished-at="2016-10-31T18:55:29Z">
          <reporter-output>
          </reporter-output>
        </test-method> <!-- setUp -->
        <test-method status="PASS" signature="springTestContextBeforeTestMethod(java.lang.reflect.Method)[pri:0, instance:cz.muni.fi.pa165.travelAgency.persistence.dao.ReservationDaoTest@67b92f0a]" name="springTestContextBeforeTestMethod" is-config="true" duration-ms="0" started-at="2016-10-31T18:55:29Z" finished-at="2016-10-31T18:55:29Z">
          <params>
            <param index="0">
              <value>
                <![CDATA[public void cz.muni.fi.pa165.travelAgency.persistence.dao.ReservationDaoTest.findAllReservations()]]>
              </value>
            </param>
          </params>
          <reporter-output>
          </reporter-output>
        </test-method> <!-- springTestContextBeforeTestMethod -->
        <test-method status="PASS" signature="findAllReservations()[pri:0, instance:cz.muni.fi.pa165.travelAgency.persistence.dao.ReservationDaoTest@67b92f0a]" name="findAllReservations" duration-ms="156" started-at="2016-10-31T18:55:29Z" finished-at="2016-10-31T18:55:29Z">
          <reporter-output>
          </reporter-output>
        </test-method> <!-- findAllReservations -->
        <test-method status="PASS" signature="springTestContextAfterTestMethod(java.lang.reflect.Method)[pri:0, instance:cz.muni.fi.pa165.travelAgency.persistence.dao.ReservationDaoTest@67b92f0a]" name="springTestContextAfterTestMethod" is-config="true" duration-ms="3" started-at="2016-10-31T18:55:29Z" finished-at="2016-10-31T18:55:29Z">
          <params>
            <param index="0">
              <value>
                <![CDATA[public void cz.muni.fi.pa165.travelAgency.persistence.dao.ReservationDaoTest.findAllReservations()]]>
              </value>
            </param>
          </params>
          <reporter-output>
          </reporter-output>
        </test-method> <!-- springTestContextAfterTestMethod -->
        <test-method status="PASS" signature="springTestContextBeforeTestMethod(java.lang.reflect.Method)[pri:0, instance:cz.muni.fi.pa165.travelAgency.persistence.dao.ReservationDaoTest@67b92f0a]" name="springTestContextBeforeTestMethod" is-config="true" duration-ms="2" started-at="2016-10-31T18:55:29Z" finished-at="2016-10-31T18:55:29Z">
          <params>
            <param index="0">
              <value>
                <![CDATA[public void cz.muni.fi.pa165.travelAgency.persistence.dao.ReservationDaoTest.findByCustomer()]]>
              </value>
            </param>
          </params>
          <reporter-output>
          </reporter-output>
        </test-method> <!-- springTestContextBeforeTestMethod -->
        <test-method status="PASS" signature="setUp()[pri:0, instance:cz.muni.fi.pa165.travelAgency.persistence.dao.ReservationDaoTest@67b92f0a]" name="setUp" is-config="true" duration-ms="11" started-at="2016-10-31T18:55:29Z" finished-at="2016-10-31T18:55:29Z">
          <reporter-output>
          </reporter-output>
        </test-method> <!-- setUp -->
        <test-method status="PASS" signature="findByCustomer()[pri:0, instance:cz.muni.fi.pa165.travelAgency.persistence.dao.ReservationDaoTest@67b92f0a]" name="findByCustomer" duration-ms="30" started-at="2016-10-31T18:55:29Z" finished-at="2016-10-31T18:55:29Z">
          <reporter-output>
          </reporter-output>
        </test-method> <!-- findByCustomer -->
        <test-method status="PASS" signature="springTestContextAfterTestMethod(java.lang.reflect.Method)[pri:0, instance:cz.muni.fi.pa165.travelAgency.persistence.dao.ReservationDaoTest@67b92f0a]" name="springTestContextAfterTestMethod" is-config="true" duration-ms="2" started-at="2016-10-31T18:55:29Z" finished-at="2016-10-31T18:55:29Z">
          <params>
            <param index="0">
              <value>
                <![CDATA[public void cz.muni.fi.pa165.travelAgency.persistence.dao.ReservationDaoTest.findByCustomer()]]>
              </value>
            </param>
          </params>
          <reporter-output>
          </reporter-output>
        </test-method> <!-- springTestContextAfterTestMethod -->
        <test-method status="PASS" signature="springTestContextBeforeTestMethod(java.lang.reflect.Method)[pri:0, instance:cz.muni.fi.pa165.travelAgency.persistence.dao.ReservationDaoTest@67b92f0a]" name="springTestContextBeforeTestMethod" is-config="true" duration-ms="2" started-at="2016-10-31T18:55:29Z" finished-at="2016-10-31T18:55:29Z">
          <params>
            <param index="0">
              <value>
                <![CDATA[public void cz.muni.fi.pa165.travelAgency.persistence.dao.ReservationDaoTest.findById()]]>
              </value>
            </param>
          </params>
          <reporter-output>
          </reporter-output>
        </test-method> <!-- springTestContextBeforeTestMethod -->
        <test-method status="PASS" signature="setUp()[pri:0, instance:cz.muni.fi.pa165.travelAgency.persistence.dao.ReservationDaoTest@67b92f0a]" name="setUp" is-config="true" duration-ms="22" started-at="2016-10-31T18:55:29Z" finished-at="2016-10-31T18:55:29Z">
          <reporter-output>
          </reporter-output>
        </test-method> <!-- setUp -->
        <test-method status="PASS" signature="findById()[pri:0, instance:cz.muni.fi.pa165.travelAgency.persistence.dao.ReservationDaoTest@67b92f0a]" name="findById" duration-ms="8" started-at="2016-10-31T18:55:29Z" finished-at="2016-10-31T18:55:29Z">
          <reporter-output>
          </reporter-output>
        </test-method> <!-- findById -->
        <test-method status="PASS" signature="springTestContextAfterTestMethod(java.lang.reflect.Method)[pri:0, instance:cz.muni.fi.pa165.travelAgency.persistence.dao.ReservationDaoTest@67b92f0a]" name="springTestContextAfterTestMethod" is-config="true" duration-ms="2" started-at="2016-10-31T18:55:29Z" finished-at="2016-10-31T18:55:29Z">
          <params>
            <param index="0">
              <value>
                <![CDATA[public void cz.muni.fi.pa165.travelAgency.persistence.dao.ReservationDaoTest.findById()]]>
              </value>
            </param>
          </params>
          <reporter-output>
          </reporter-output>
        </test-method> <!-- springTestContextAfterTestMethod -->
        <test-method status="PASS" signature="springTestContextBeforeTestMethod(java.lang.reflect.Method)[pri:0, instance:cz.muni.fi.pa165.travelAgency.persistence.dao.ReservationDaoTest@67b92f0a]" name="springTestContextBeforeTestMethod" is-config="true" duration-ms="3" started-at="2016-10-31T18:55:29Z" finished-at="2016-10-31T18:55:29Z">
          <params>
            <param index="0">
              <value>
                <![CDATA[public void cz.muni.fi.pa165.travelAgency.persistence.dao.ReservationDaoTest.findByTrip()]]>
              </value>
            </param>
          </params>
          <reporter-output>
          </reporter-output>
        </test-method> <!-- springTestContextBeforeTestMethod -->
        <test-method status="PASS" signature="setUp()[pri:0, instance:cz.muni.fi.pa165.travelAgency.persistence.dao.ReservationDaoTest@67b92f0a]" name="setUp" is-config="true" duration-ms="10" started-at="2016-10-31T18:55:29Z" finished-at="2016-10-31T18:55:29Z">
          <reporter-output>
          </reporter-output>
        </test-method> <!-- setUp -->
        <test-method status="PASS" signature="findByTrip()[pri:0, instance:cz.muni.fi.pa165.travelAgency.persistence.dao.ReservationDaoTest@67b92f0a]" name="findByTrip" duration-ms="1" started-at="2016-10-31T18:55:29Z" finished-at="2016-10-31T18:55:29Z">
          <reporter-output>
          </reporter-output>
        </test-method> <!-- findByTrip -->
        <test-method status="PASS" signature="springTestContextAfterTestMethod(java.lang.reflect.Method)[pri:0, instance:cz.muni.fi.pa165.travelAgency.persistence.dao.ReservationDaoTest@67b92f0a]" name="springTestContextAfterTestMethod" is-config="true" duration-ms="15" started-at="2016-10-31T18:55:29Z" finished-at="2016-10-31T18:55:29Z">
          <params>
            <param index="0">
              <value>
                <![CDATA[public void cz.muni.fi.pa165.travelAgency.persistence.dao.ReservationDaoTest.findByTrip()]]>
              </value>
            </param>
          </params>
          <reporter-output>
          </reporter-output>
        </test-method> <!-- springTestContextAfterTestMethod -->
        <test-method status="PASS" signature="springTestContextBeforeTestMethod(java.lang.reflect.Method)[pri:0, instance:cz.muni.fi.pa165.travelAgency.persistence.dao.ReservationDaoTest@67b92f0a]" name="springTestContextBeforeTestMethod" is-config="true" duration-ms="0" started-at="2016-10-31T18:55:29Z" finished-at="2016-10-31T18:55:29Z">
          <params>
            <param index="0">
              <value>
                <![CDATA[public void cz.muni.fi.pa165.travelAgency.persistence.dao.ReservationDaoTest.remove()]]>
              </value>
            </param>
          </params>
          <reporter-output>
          </reporter-output>
        </test-method> <!-- springTestContextBeforeTestMethod -->
        <test-method status="PASS" signature="remove()[pri:0, instance:cz.muni.fi.pa165.travelAgency.persistence.dao.ReservationDaoTest@67b92f0a]" name="remove" duration-ms="31" started-at="2016-10-31T18:55:29Z" finished-at="2016-10-31T18:55:29Z">
          <reporter-output>
          </reporter-output>
        </test-method> <!-- remove -->
        <test-method status="PASS" signature="setUp()[pri:0, instance:cz.muni.fi.pa165.travelAgency.persistence.dao.ReservationDaoTest@67b92f0a]" name="setUp" is-config="true" duration-ms="0" started-at="2016-10-31T18:55:29Z" finished-at="2016-10-31T18:55:29Z">
          <reporter-output>
          </reporter-output>
        </test-method> <!-- setUp -->
        <test-method status="PASS" signature="springTestContextAfterTestMethod(java.lang.reflect.Method)[pri:0, instance:cz.muni.fi.pa165.travelAgency.persistence.dao.ReservationDaoTest@67b92f0a]" name="springTestContextAfterTestMethod" is-config="true" duration-ms="0" started-at="2016-10-31T18:55:29Z" finished-at="2016-10-31T18:55:29Z">
          <params>
            <param index="0">
              <value>
                <![CDATA[public void cz.muni.fi.pa165.travelAgency.persistence.dao.ReservationDaoTest.remove()]]>
              </value>
            </param>
          </params>
          <reporter-output>
          </reporter-output>
        </test-method> <!-- springTestContextAfterTestMethod -->
        <test-method status="PASS" signature="springTestContextBeforeTestMethod(java.lang.reflect.Method)[pri:0, instance:cz.muni.fi.pa165.travelAgency.persistence.dao.ReservationDaoTest@67b92f0a]" name="springTestContextBeforeTestMethod" is-config="true" duration-ms="16" started-at="2016-10-31T18:55:29Z" finished-at="2016-10-31T18:55:29Z">
          <params>
            <param index="0">
              <value>
                <![CDATA[public void cz.muni.fi.pa165.travelAgency.persistence.dao.ReservationDaoTest.testUpdate()]]>
              </value>
            </param>
          </params>
          <reporter-output>
          </reporter-output>
        </test-method> <!-- springTestContextBeforeTestMethod -->
        <test-method status="PASS" signature="setUp()[pri:0, instance:cz.muni.fi.pa165.travelAgency.persistence.dao.ReservationDaoTest@67b92f0a]" name="setUp" is-config="true" duration-ms="0" started-at="2016-10-31T18:55:29Z" finished-at="2016-10-31T18:55:29Z">
          <reporter-output>
          </reporter-output>
        </test-method> <!-- setUp -->
        <test-method status="PASS" signature="testUpdate()[pri:0, instance:cz.muni.fi.pa165.travelAgency.persistence.dao.ReservationDaoTest@67b92f0a]" name="testUpdate" duration-ms="16" started-at="2016-10-31T18:55:29Z" finished-at="2016-10-31T18:55:29Z">
          <reporter-output>
          </reporter-output>
        </test-method> <!-- testUpdate -->
        <test-method status="PASS" signature="springTestContextAfterTestMethod(java.lang.reflect.Method)[pri:0, instance:cz.muni.fi.pa165.travelAgency.persistence.dao.ReservationDaoTest@67b92f0a]" name="springTestContextAfterTestMethod" is-config="true" duration-ms="0" started-at="2016-10-31T18:55:29Z" finished-at="2016-10-31T18:55:29Z">
          <params>
            <param index="0">
              <value>
                <![CDATA[public void cz.muni.fi.pa165.travelAgency.persistence.dao.ReservationDaoTest.testUpdate()]]>
              </value>
            </param>
          </params>
          <reporter-output>
          </reporter-output>
        </test-method> <!-- springTestContextAfterTestMethod -->
        <test-method status="PASS" signature="springTestContextAfterTestClass()[pri:0, instance:cz.muni.fi.pa165.travelAgency.persistence.dao.ReservationDaoTest@67b92f0a]" name="springTestContextAfterTestClass" is-config="true" duration-ms="0" started-at="2016-10-31T18:55:29Z" finished-at="2016-10-31T18:55:29Z">
          <reporter-output>
          </reporter-output>
        </test-method> <!-- springTestContextAfterTestClass -->
      </class> <!-- cz.muni.fi.pa165.travelAgency.persistence.dao.ReservationDaoTest -->
    </test> <!-- Surefire test -->
  </suite> <!-- Surefire suite -->
</testng-results>
