<?xml version="1.0" encoding="UTF-8"?>
<testng-results skipped="0" failed="0" total="47" passed="47">
  <reporter-output>
  </reporter-output>
  <suite name="Surefire suite" duration-ms="4259" started-at="2017-01-09T14:46:54Z" finished-at="2017-01-09T14:46:58Z">
    <groups>
    </groups>
    <test name="Surefire test" duration-ms="4259" started-at="2017-01-09T14:46:54Z" finished-at="2017-01-09T14:46:58Z">
      <class name="cz.muni.fi.pa165.travelAgency.persistence.dao.CustomerDaoTest">
        <test-method status="PASS" signature="springTestContextBeforeTestClass()[pri:0, instance:cz.muni.fi.pa165.travelAgency.persistence.dao.CustomerDaoTest@1f554b06]" name="springTestContextBeforeTestClass" is-config="true" duration-ms="7" started-at="2017-01-09T15:46:54Z" finished-at="2017-01-09T15:46:54Z">
          <reporter-output>
          </reporter-output>
        </test-method> <!-- springTestContextBeforeTestClass -->
        <test-method status="PASS" signature="springTestContextPrepareTestInstance()[pri:0, instance:cz.muni.fi.pa165.travelAgency.persistence.dao.CustomerDaoTest@1f554b06]" name="springTestContextPrepareTestInstance" is-config="true" duration-ms="3279" started-at="2017-01-09T15:46:54Z" depends-on-methods="org.springframework.test.context.testng.AbstractTestNGSpringContextTests.springTestContextBeforeTestClass" finished-at="2017-01-09T15:46:57Z">
          <reporter-output>
          </reporter-output>
        </test-method> <!-- springTestContextPrepareTestInstance -->
        <test-method status="PASS" signature="springTestContextBeforeTestMethod(java.lang.reflect.Method)[pri:0, instance:cz.muni.fi.pa165.travelAgency.persistence.dao.CustomerDaoTest@1f554b06]" name="springTestContextBeforeTestMethod" is-config="true" duration-ms="57" started-at="2017-01-09T15:46:57Z" finished-at="2017-01-09T15:46:57Z">
          <params>
            <param index="0">
              <value>
                <![CDATA[public void cz.muni.fi.pa165.travelAgency.persistence.dao.CustomerDaoTest.createTest()]]>
              </value>
            </param>
          </params>
          <reporter-output>
          </reporter-output>
        </test-method> <!-- springTestContextBeforeTestMethod -->
        <test-method status="PASS" signature="setup()[pri:0, instance:cz.muni.fi.pa165.travelAgency.persistence.dao.CustomerDaoTest@1f554b06]" name="setup" is-config="true" duration-ms="4" started-at="2017-01-09T15:46:57Z" finished-at="2017-01-09T15:46:57Z">
          <reporter-output>
          </reporter-output>
        </test-method> <!-- setup -->
        <test-method status="PASS" signature="createTest()[pri:0, instance:cz.muni.fi.pa165.travelAgency.persistence.dao.CustomerDaoTest@1f554b06]" name="createTest" duration-ms="223" started-at="2017-01-09T15:46:57Z" finished-at="2017-01-09T15:46:57Z">
          <reporter-output>
          </reporter-output>
        </test-method> <!-- createTest -->
        <test-method status="PASS" signature="springTestContextAfterTestMethod(java.lang.reflect.Method)[pri:0, instance:cz.muni.fi.pa165.travelAgency.persistence.dao.CustomerDaoTest@1f554b06]" name="springTestContextAfterTestMethod" is-config="true" duration-ms="10" started-at="2017-01-09T15:46:57Z" finished-at="2017-01-09T15:46:57Z">
          <params>
            <param index="0">
              <value>
                <![CDATA[public void cz.muni.fi.pa165.travelAgency.persistence.dao.CustomerDaoTest.createTest()]]>
              </value>
            </param>
          </params>
          <reporter-output>
          </reporter-output>
        </test-method> <!-- springTestContextAfterTestMethod -->
        <test-method status="PASS" signature="springTestContextBeforeTestMethod(java.lang.reflect.Method)[pri:0, instance:cz.muni.fi.pa165.travelAgency.persistence.dao.CustomerDaoTest@1f554b06]" name="springTestContextBeforeTestMethod" is-config="true" duration-ms="1" started-at="2017-01-09T15:46:57Z" finished-at="2017-01-09T15:46:57Z">
          <params>
            <param index="0">
              <value>
                <![CDATA[public void cz.muni.fi.pa165.travelAgency.persistence.dao.CustomerDaoTest.findAllCustomersTest()]]>
              </value>
            </param>
          </params>
          <reporter-output>
          </reporter-output>
        </test-method> <!-- springTestContextBeforeTestMethod -->
        <test-method status="PASS" signature="findAllCustomersTest()[pri:0, instance:cz.muni.fi.pa165.travelAgency.persistence.dao.CustomerDaoTest@1f554b06]" name="findAllCustomersTest" duration-ms="18" started-at="2017-01-09T15:46:57Z" finished-at="2017-01-09T15:46:57Z">
          <reporter-output>
          </reporter-output>
        </test-method> <!-- findAllCustomersTest -->
        <test-method status="PASS" signature="setup()[pri:0, instance:cz.muni.fi.pa165.travelAgency.persistence.dao.CustomerDaoTest@1f554b06]" name="setup" is-config="true" duration-ms="0" started-at="2017-01-09T15:46:57Z" finished-at="2017-01-09T15:46:57Z">
          <reporter-output>
          </reporter-output>
        </test-method> <!-- setup -->
        <test-method status="PASS" signature="springTestContextAfterTestMethod(java.lang.reflect.Method)[pri:0, instance:cz.muni.fi.pa165.travelAgency.persistence.dao.CustomerDaoTest@1f554b06]" name="springTestContextAfterTestMethod" is-config="true" duration-ms="2" started-at="2017-01-09T15:46:57Z" finished-at="2017-01-09T15:46:57Z">
          <params>
            <param index="0">
              <value>
                <![CDATA[public void cz.muni.fi.pa165.travelAgency.persistence.dao.CustomerDaoTest.findAllCustomersTest()]]>
              </value>
            </param>
          </params>
          <reporter-output>
          </reporter-output>
        </test-method> <!-- springTestContextAfterTestMethod -->
        <test-method status="PASS" signature="springTestContextBeforeTestMethod(java.lang.reflect.Method)[pri:0, instance:cz.muni.fi.pa165.travelAgency.persistence.dao.CustomerDaoTest@1f554b06]" name="springTestContextBeforeTestMethod" is-config="true" duration-ms="1" started-at="2017-01-09T15:46:57Z" finished-at="2017-01-09T15:46:57Z">
          <params>
            <param index="0">
              <value>
                <![CDATA[public void cz.muni.fi.pa165.travelAgency.persistence.dao.CustomerDaoTest.findByEmailTest()]]>
              </value>
            </param>
          </params>
          <reporter-output>
          </reporter-output>
        </test-method> <!-- springTestContextBeforeTestMethod -->
        <test-method status="PASS" signature="setup()[pri:0, instance:cz.muni.fi.pa165.travelAgency.persistence.dao.CustomerDaoTest@1f554b06]" name="setup" is-config="true" duration-ms="1" started-at="2017-01-09T15:46:57Z" finished-at="2017-01-09T15:46:57Z">
          <reporter-output>
          </reporter-output>
        </test-method> <!-- setup -->
        <test-method status="PASS" signature="findByEmailTest()[pri:0, instance:cz.muni.fi.pa165.travelAgency.persistence.dao.CustomerDaoTest@1f554b06]" name="findByEmailTest" duration-ms="6" started-at="2017-01-09T15:46:57Z" finished-at="2017-01-09T15:46:57Z">
          <reporter-output>
          </reporter-output>
        </test-method> <!-- findByEmailTest -->
        <test-method status="PASS" signature="springTestContextAfterTestMethod(java.lang.reflect.Method)[pri:0, instance:cz.muni.fi.pa165.travelAgency.persistence.dao.CustomerDaoTest@1f554b06]" name="springTestContextAfterTestMethod" is-config="true" duration-ms="5" started-at="2017-01-09T15:46:57Z" finished-at="2017-01-09T15:46:57Z">
          <params>
            <param index="0">
              <value>
                <![CDATA[public void cz.muni.fi.pa165.travelAgency.persistence.dao.CustomerDaoTest.findByEmailTest()]]>
              </value>
            </param>
          </params>
          <reporter-output>
          </reporter-output>
        </test-method> <!-- springTestContextAfterTestMethod -->
        <test-method status="PASS" signature="springTestContextBeforeTestMethod(java.lang.reflect.Method)[pri:0, instance:cz.muni.fi.pa165.travelAgency.persistence.dao.CustomerDaoTest@1f554b06]" name="springTestContextBeforeTestMethod" is-config="true" duration-ms="3" started-at="2017-01-09T15:46:57Z" finished-at="2017-01-09T15:46:57Z">
          <params>
            <param index="0">
              <value>
                <![CDATA[public void cz.muni.fi.pa165.travelAgency.persistence.dao.CustomerDaoTest.findByIdTest()]]>
              </value>
            </param>
          </params>
          <reporter-output>
          </reporter-output>
        </test-method> <!-- springTestContextBeforeTestMethod -->
        <test-method status="PASS" signature="findByIdTest()[pri:0, instance:cz.muni.fi.pa165.travelAgency.persistence.dao.CustomerDaoTest@1f554b06]" name="findByIdTest" duration-ms="14" started-at="2017-01-09T15:46:57Z" finished-at="2017-01-09T15:46:57Z">
          <reporter-output>
          </reporter-output>
        </test-method> <!-- findByIdTest -->
        <test-method status="PASS" signature="setup()[pri:0, instance:cz.muni.fi.pa165.travelAgency.persistence.dao.CustomerDaoTest@1f554b06]" name="setup" is-config="true" duration-ms="0" started-at="2017-01-09T15:46:57Z" finished-at="2017-01-09T15:46:57Z">
          <reporter-output>
          </reporter-output>
        </test-method> <!-- setup -->
        <test-method status="PASS" signature="springTestContextAfterTestMethod(java.lang.reflect.Method)[pri:0, instance:cz.muni.fi.pa165.travelAgency.persistence.dao.CustomerDaoTest@1f554b06]" name="springTestContextAfterTestMethod" is-config="true" duration-ms="1" started-at="2017-01-09T15:46:57Z" finished-at="2017-01-09T15:46:57Z">
          <params>
            <param index="0">
              <value>
                <![CDATA[public void cz.muni.fi.pa165.travelAgency.persistence.dao.CustomerDaoTest.findByIdTest()]]>
              </value>
            </param>
          </params>
          <reporter-output>
          </reporter-output>
        </test-method> <!-- springTestContextAfterTestMethod -->
        <test-method status="PASS" signature="springTestContextBeforeTestMethod(java.lang.reflect.Method)[pri:0, instance:cz.muni.fi.pa165.travelAgency.persistence.dao.CustomerDaoTest@1f554b06]" name="springTestContextBeforeTestMethod" is-config="true" duration-ms="1" started-at="2017-01-09T15:46:57Z" finished-at="2017-01-09T15:46:57Z">
          <params>
            <param index="0">
              <value>
                <![CDATA[public void cz.muni.fi.pa165.travelAgency.persistence.dao.CustomerDaoTest.removeTest()]]>
              </value>
            </param>
          </params>
          <reporter-output>
          </reporter-output>
        </test-method> <!-- springTestContextBeforeTestMethod -->
        <test-method status="PASS" signature="setup()[pri:0, instance:cz.muni.fi.pa165.travelAgency.persistence.dao.CustomerDaoTest@1f554b06]" name="setup" is-config="true" duration-ms="0" started-at="2017-01-09T15:46:57Z" finished-at="2017-01-09T15:46:57Z">
          <reporter-output>
          </reporter-output>
        </test-method> <!-- setup -->
        <test-method status="PASS" signature="removeTest()[pri:0, instance:cz.muni.fi.pa165.travelAgency.persistence.dao.CustomerDaoTest@1f554b06]" name="removeTest" duration-ms="36" started-at="2017-01-09T15:46:57Z" finished-at="2017-01-09T15:46:57Z">
          <reporter-output>
          </reporter-output>
        </test-method> <!-- removeTest -->
        <test-method status="PASS" signature="springTestContextAfterTestMethod(java.lang.reflect.Method)[pri:0, instance:cz.muni.fi.pa165.travelAgency.persistence.dao.CustomerDaoTest@1f554b06]" name="springTestContextAfterTestMethod" is-config="true" duration-ms="2" started-at="2017-01-09T15:46:57Z" finished-at="2017-01-09T15:46:57Z">
          <params>
            <param index="0">
              <value>
                <![CDATA[public void cz.muni.fi.pa165.travelAgency.persistence.dao.CustomerDaoTest.removeTest()]]>
              </value>
            </param>
          </params>
          <reporter-output>
          </reporter-output>
        </test-method> <!-- springTestContextAfterTestMethod -->
        <test-method status="PASS" signature="springTestContextBeforeTestMethod(java.lang.reflect.Method)[pri:0, instance:cz.muni.fi.pa165.travelAgency.persistence.dao.CustomerDaoTest@1f554b06]" name="springTestContextBeforeTestMethod" is-config="true" duration-ms="6" started-at="2017-01-09T15:46:57Z" finished-at="2017-01-09T15:46:57Z">
          <params>
            <param index="0">
              <value>
                <![CDATA[public void cz.muni.fi.pa165.travelAgency.persistence.dao.CustomerDaoTest.testNullAddress()]]>
              </value>
            </param>
          </params>
          <reporter-output>
          </reporter-output>
        </test-method> <!-- springTestContextBeforeTestMethod -->
        <test-method status="PASS" signature="setup()[pri:0, instance:cz.muni.fi.pa165.travelAgency.persistence.dao.CustomerDaoTest@1f554b06]" name="setup" is-config="true" duration-ms="0" started-at="2017-01-09T15:46:57Z" finished-at="2017-01-09T15:46:57Z">
          <reporter-output>
          </reporter-output>
        </test-method> <!-- setup -->
        <test-method status="PASS" signature="testNullAddress()[pri:0, instance:cz.muni.fi.pa165.travelAgency.persistence.dao.CustomerDaoTest@1f554b06]" name="testNullAddress" duration-ms="17" started-at="2017-01-09T15:46:57Z" finished-at="2017-01-09T15:46:57Z">
          <exception class="javax.validation.ConstraintViolationException">
            <message>
              <![CDATA[Validation failed for classes [cz.muni.fi.pa165.travelAgency.persistence.entity.Customer] during persist time for groups [javax.validation.groups.Default, ]
List of constraint violations:[
	ConstraintViolationImpl{interpolatedMessage='nesmí bıt null', propertyPath=address, rootBeanClass=class cz.muni.fi.pa165.travelAgency.persistence.entity.Customer, messageTemplate='{javax.validation.constraints.NotNull.message}'}
]]]>
            </message>
            <full-stacktrace>
              <![CDATA[javax.validation.ConstraintViolationException: Validation failed for classes [cz.muni.fi.pa165.travelAgency.persistence.entity.Customer] during persist time for groups [javax.validation.groups.Default, ]
List of constraint violations:[
	ConstraintViolationImpl{interpolatedMessage='nesmí bıt null', propertyPath=address, rootBeanClass=class cz.muni.fi.pa165.travelAgency.persistence.entity.Customer, messageTemplate='{javax.validation.constraints.NotNull.message}'}
]
	at org.hibernate.cfg.beanvalidation.BeanValidationEventListener.validate(BeanValidationEventListener.java:160)
	at org.hibernate.cfg.beanvalidation.BeanValidationEventListener.onPreInsert(BeanValidationEventListener.java:95)
	at org.hibernate.action.internal.EntityIdentityInsertAction.preInsert(EntityIdentityInsertAction.java:214)
	at org.hibernate.action.internal.EntityIdentityInsertAction.execute(EntityIdentityInsertAction.java:92)
	at org.hibernate.engine.spi.ActionQueue.execute(ActionQueue.java:492)
	at org.hibernate.engine.spi.ActionQueue.addResolvedEntityInsertAction(ActionQueue.java:197)
	at org.hibernate.engine.spi.ActionQueue.addInsertAction(ActionQueue.java:181)
	at org.hibernate.engine.spi.ActionQueue.addAction(ActionQueue.java:216)
	at org.hibernate.event.internal.AbstractSaveEventListener.addInsertAction(AbstractSaveEventListener.java:334)
	at org.hibernate.event.internal.AbstractSaveEventListener.performSaveOrReplicate(AbstractSaveEventListener.java:289)
	at org.hibernate.event.internal.AbstractSaveEventListener.performSave(AbstractSaveEventListener.java:195)
	at org.hibernate.event.internal.AbstractSaveEventListener.saveWithGeneratedId(AbstractSaveEventListener.java:126)
	at org.hibernate.jpa.event.internal.core.JpaPersistEventListener.saveWithGeneratedId(JpaPersistEventListener.java:84)
	at org.hibernate.event.internal.DefaultPersistEventListener.entityIsTransient(DefaultPersistEventListener.java:206)
	at org.hibernate.event.internal.DefaultPersistEventListener.onPersist(DefaultPersistEventListener.java:149)
	at org.hibernate.event.internal.DefaultPersistEventListener.onPersist(DefaultPersistEventListener.java:75)
	at org.hibernate.internal.SessionImpl.firePersist(SessionImpl.java:811)
	at org.hibernate.internal.SessionImpl.persist(SessionImpl.java:784)
	at org.hibernate.internal.SessionImpl.persist(SessionImpl.java:789)
	at org.hibernate.jpa.spi.AbstractEntityManagerImpl.persist(AbstractEntityManagerImpl.java:1181)
	at sun.reflect.NativeMethodAccessorImpl.invoke0(Native Method)
	at sun.reflect.NativeMethodAccessorImpl.invoke(NativeMethodAccessorImpl.java:62)
	at sun.reflect.DelegatingMethodAccessorImpl.invoke(DelegatingMethodAccessorImpl.java:43)
	at java.lang.reflect.Method.invoke(Method.java:498)
	at org.springframework.orm.jpa.SharedEntityManagerCreator$SharedEntityManagerInvocationHandler.invoke(SharedEntityManagerCreator.java:289)
	at com.sun.proxy.$Proxy45.persist(Unknown Source)
	at cz.muni.fi.pa165.travelAgency.persistence.dao.CustomerDaoImpl.create(CustomerDaoImpl.java:30)
	at sun.reflect.NativeMethodAccessorImpl.invoke0(Native Method)
	at sun.reflect.NativeMethodAccessorImpl.invoke(NativeMethodAccessorImpl.java:62)
	at sun.reflect.DelegatingMethodAccessorImpl.invoke(DelegatingMethodAccessorImpl.java:43)
	at java.lang.reflect.Method.invoke(Method.java:498)
	at org.springframework.aop.support.AopUtils.invokeJoinpointUsingReflection(AopUtils.java:317)
	at org.springframework.aop.framework.ReflectiveMethodInvocation.invokeJoinpoint(ReflectiveMethodInvocation.java:190)
	at org.springframework.aop.framework.ReflectiveMethodInvocation.proceed(ReflectiveMethodInvocation.java:157)
	at org.springframework.dao.support.PersistenceExceptionTranslationInterceptor.invoke(PersistenceExceptionTranslationInterceptor.java:136)
	at org.springframework.aop.framework.ReflectiveMethodInvocation.proceed(ReflectiveMethodInvocation.java:179)
	at org.springframework.transaction.interceptor.TransactionInterceptor$1.proceedWithInvocation(TransactionInterceptor.java:98)
	at org.springframework.transaction.interceptor.TransactionAspectSupport.invokeWithinTransaction(TransactionAspectSupport.java:262)
	at org.springframework.transaction.interceptor.TransactionInterceptor.invoke(TransactionInterceptor.java:95)
	at org.springframework.aop.framework.ReflectiveMethodInvocation.proceed(ReflectiveMethodInvocation.java:179)
	at org.springframework.aop.framework.JdkDynamicAopProxy.invoke(JdkDynamicAopProxy.java:207)
	at com.sun.proxy.$Proxy47.create(Unknown Source)
	at cz.muni.fi.pa165.travelAgency.persistence.dao.CustomerDaoTest.testNullAddress(CustomerDaoTest.java:132)
	at sun.reflect.NativeMethodAccessorImpl.invoke0(Native Method)
	at sun.reflect.NativeMethodAccessorImpl.invoke(NativeMethodAccessorImpl.java:62)
	at sun.reflect.DelegatingMethodAccessorImpl.invoke(DelegatingMethodAccessorImpl.java:43)
	at java.lang.reflect.Method.invoke(Method.java:498)
	at org.testng.internal.MethodInvocationHelper.invokeMethod(MethodInvocationHelper.java:85)
	at org.testng.internal.MethodInvocationHelper$1.runTestMethod(MethodInvocationHelper.java:200)
	at org.springframework.test.context.testng.AbstractTestNGSpringContextTests.run(AbstractTestNGSpringContextTests.java:172)
	at org.testng.internal.MethodInvocationHelper.invokeHookable(MethodInvocationHelper.java:212)
	at org.testng.internal.Invoker.invokeMethod(Invoker.java:689)
	at org.testng.internal.Invoker.invokeTestMethod(Invoker.java:882)
	at org.testng.internal.Invoker.invokeTestMethods(Invoker.java:1189)
	at org.testng.internal.TestMethodWorker.invokeTestMethods(TestMethodWorker.java:124)
	at org.testng.internal.TestMethodWorker.run(TestMethodWorker.java:108)
	at org.testng.TestRunner.privateRun(TestRunner.java:767)
	at org.testng.TestRunner.run(TestRunner.java:617)
	at org.testng.SuiteRunner.runTest(SuiteRunner.java:348)
	at org.testng.SuiteRunner.runSequentially(SuiteRunner.java:343)
	at org.testng.SuiteRunner.privateRun(SuiteRunner.java:305)
	at org.testng.SuiteRunner.run(SuiteRunner.java:254)
	at org.testng.SuiteRunnerWorker.runSuite(SuiteRunnerWorker.java:52)
	at org.testng.SuiteRunnerWorker.run(SuiteRunnerWorker.java:86)
	at org.testng.TestNG.runSuitesSequentially(TestNG.java:1224)
	at org.testng.TestNG.runSuitesLocally(TestNG.java:1149)
	at org.testng.TestNG.run(TestNG.java:1057)
	at org.apache.maven.surefire.testng.TestNGExecutor.run(TestNGExecutor.java:115)
	at org.apache.maven.surefire.testng.TestNGDirectoryTestSuite.executeMulti(TestNGDirectoryTestSuite.java:205)
	at org.apache.maven.surefire.testng.TestNGDirectoryTestSuite.execute(TestNGDirectoryTestSuite.java:108)
	at org.apache.maven.surefire.testng.TestNGProvider.invoke(TestNGProvider.java:111)
	at org.apache.maven.surefire.booter.ForkedBooter.invokeProviderInSameClassLoader(ForkedBooter.java:203)
	at org.apache.maven.surefire.booter.ForkedBooter.runSuitesInProcess(ForkedBooter.java:155)
	at org.apache.maven.surefire.booter.ForkedBooter.main(ForkedBooter.java:103)
]]>
            </full-stacktrace>
          </exception> <!-- javax.validation.ConstraintViolationException -->
          <reporter-output>
          </reporter-output>
        </test-method> <!-- testNullAddress -->
        <test-method status="PASS" signature="springTestContextAfterTestMethod(java.lang.reflect.Method)[pri:0, instance:cz.muni.fi.pa165.travelAgency.persistence.dao.CustomerDaoTest@1f554b06]" name="springTestContextAfterTestMethod" is-config="true" duration-ms="1" started-at="2017-01-09T15:46:57Z" finished-at="2017-01-09T15:46:57Z">
          <params>
            <param index="0">
              <value>
                <![CDATA[public void cz.muni.fi.pa165.travelAgency.persistence.dao.CustomerDaoTest.testNullAddress()]]>
              </value>
            </param>
          </params>
          <reporter-output>
          </reporter-output>
        </test-method> <!-- springTestContextAfterTestMethod -->
        <test-method status="PASS" signature="springTestContextBeforeTestMethod(java.lang.reflect.Method)[pri:0, instance:cz.muni.fi.pa165.travelAgency.persistence.dao.CustomerDaoTest@1f554b06]" name="springTestContextBeforeTestMethod" is-config="true" duration-ms="1" started-at="2017-01-09T15:46:57Z" finished-at="2017-01-09T15:46:57Z">
          <params>
            <param index="0">
              <value>
                <![CDATA[public void cz.muni.fi.pa165.travelAgency.persistence.dao.CustomerDaoTest.testNullCreated()]]>
              </value>
            </param>
          </params>
          <reporter-output>
          </reporter-output>
        </test-method> <!-- springTestContextBeforeTestMethod -->
        <test-method status="PASS" signature="setup()[pri:0, instance:cz.muni.fi.pa165.travelAgency.persistence.dao.CustomerDaoTest@1f554b06]" name="setup" is-config="true" duration-ms="0" started-at="2017-01-09T15:46:57Z" finished-at="2017-01-09T15:46:57Z">
          <reporter-output>
          </reporter-output>
        </test-method> <!-- setup -->
        <test-method status="PASS" signature="testNullCreated()[pri:0, instance:cz.muni.fi.pa165.travelAgency.persistence.dao.CustomerDaoTest@1f554b06]" name="testNullCreated" duration-ms="2" started-at="2017-01-09T15:46:57Z" finished-at="2017-01-09T15:46:57Z">
          <exception class="javax.validation.ConstraintViolationException">
            <message>
              <![CDATA[Validation failed for classes [cz.muni.fi.pa165.travelAgency.persistence.entity.Customer] during persist time for groups [javax.validation.groups.Default, ]
List of constraint violations:[
	ConstraintViolationImpl{interpolatedMessage='nesmí bıt null', propertyPath=created, rootBeanClass=class cz.muni.fi.pa165.travelAgency.persistence.entity.Customer, messageTemplate='{javax.validation.constraints.NotNull.message}'}
]]]>
            </message>
            <full-stacktrace>
              <![CDATA[javax.validation.ConstraintViolationException: Validation failed for classes [cz.muni.fi.pa165.travelAgency.persistence.entity.Customer] during persist time for groups [javax.validation.groups.Default, ]
List of constraint violations:[
	ConstraintViolationImpl{interpolatedMessage='nesmí bıt null', propertyPath=created, rootBeanClass=class cz.muni.fi.pa165.travelAgency.persistence.entity.Customer, messageTemplate='{javax.validation.constraints.NotNull.message}'}
]
	at org.hibernate.cfg.beanvalidation.BeanValidationEventListener.validate(BeanValidationEventListener.java:160)
	at org.hibernate.cfg.beanvalidation.BeanValidationEventListener.onPreInsert(BeanValidationEventListener.java:95)
	at org.hibernate.action.internal.EntityIdentityInsertAction.preInsert(EntityIdentityInsertAction.java:214)
	at org.hibernate.action.internal.EntityIdentityInsertAction.execute(EntityIdentityInsertAction.java:92)
	at org.hibernate.engine.spi.ActionQueue.execute(ActionQueue.java:492)
	at org.hibernate.engine.spi.ActionQueue.addResolvedEntityInsertAction(ActionQueue.java:197)
	at org.hibernate.engine.spi.ActionQueue.addInsertAction(ActionQueue.java:181)
	at org.hibernate.engine.spi.ActionQueue.addAction(ActionQueue.java:216)
	at org.hibernate.event.internal.AbstractSaveEventListener.addInsertAction(AbstractSaveEventListener.java:334)
	at org.hibernate.event.internal.AbstractSaveEventListener.performSaveOrReplicate(AbstractSaveEventListener.java:289)
	at org.hibernate.event.internal.AbstractSaveEventListener.performSave(AbstractSaveEventListener.java:195)
	at org.hibernate.event.internal.AbstractSaveEventListener.saveWithGeneratedId(AbstractSaveEventListener.java:126)
	at org.hibernate.jpa.event.internal.core.JpaPersistEventListener.saveWithGeneratedId(JpaPersistEventListener.java:84)
	at org.hibernate.event.internal.DefaultPersistEventListener.entityIsTransient(DefaultPersistEventListener.java:206)
	at org.hibernate.event.internal.DefaultPersistEventListener.onPersist(DefaultPersistEventListener.java:149)
	at org.hibernate.event.internal.DefaultPersistEventListener.onPersist(DefaultPersistEventListener.java:75)
	at org.hibernate.internal.SessionImpl.firePersist(SessionImpl.java:811)
	at org.hibernate.internal.SessionImpl.persist(SessionImpl.java:784)
	at org.hibernate.internal.SessionImpl.persist(SessionImpl.java:789)
	at org.hibernate.jpa.spi.AbstractEntityManagerImpl.persist(AbstractEntityManagerImpl.java:1181)
	at sun.reflect.NativeMethodAccessorImpl.invoke0(Native Method)
	at sun.reflect.NativeMethodAccessorImpl.invoke(NativeMethodAccessorImpl.java:62)
	at sun.reflect.DelegatingMethodAccessorImpl.invoke(DelegatingMethodAccessorImpl.java:43)
	at java.lang.reflect.Method.invoke(Method.java:498)
	at org.springframework.orm.jpa.SharedEntityManagerCreator$SharedEntityManagerInvocationHandler.invoke(SharedEntityManagerCreator.java:289)
	at com.sun.proxy.$Proxy45.persist(Unknown Source)
	at cz.muni.fi.pa165.travelAgency.persistence.dao.CustomerDaoImpl.create(CustomerDaoImpl.java:30)
	at sun.reflect.NativeMethodAccessorImpl.invoke0(Native Method)
	at sun.reflect.NativeMethodAccessorImpl.invoke(NativeMethodAccessorImpl.java:62)
	at sun.reflect.DelegatingMethodAccessorImpl.invoke(DelegatingMethodAccessorImpl.java:43)
	at java.lang.reflect.Method.invoke(Method.java:498)
	at org.springframework.aop.support.AopUtils.invokeJoinpointUsingReflection(AopUtils.java:317)
	at org.springframework.aop.framework.ReflectiveMethodInvocation.invokeJoinpoint(ReflectiveMethodInvocation.java:190)
	at org.springframework.aop.framework.ReflectiveMethodInvocation.proceed(ReflectiveMethodInvocation.java:157)
	at org.springframework.dao.support.PersistenceExceptionTranslationInterceptor.invoke(PersistenceExceptionTranslationInterceptor.java:136)
	at org.springframework.aop.framework.ReflectiveMethodInvocation.proceed(ReflectiveMethodInvocation.java:179)
	at org.springframework.transaction.interceptor.TransactionInterceptor$1.proceedWithInvocation(TransactionInterceptor.java:98)
	at org.springframework.transaction.interceptor.TransactionAspectSupport.invokeWithinTransaction(TransactionAspectSupport.java:262)
	at org.springframework.transaction.interceptor.TransactionInterceptor.invoke(TransactionInterceptor.java:95)
	at org.springframework.aop.framework.ReflectiveMethodInvocation.proceed(ReflectiveMethodInvocation.java:179)
	at org.springframework.aop.framework.JdkDynamicAopProxy.invoke(JdkDynamicAopProxy.java:207)
	at com.sun.proxy.$Proxy47.create(Unknown Source)
	at cz.muni.fi.pa165.travelAgency.persistence.dao.CustomerDaoTest.testNullCreated(CustomerDaoTest.java:156)
	at sun.reflect.NativeMethodAccessorImpl.invoke0(Native Method)
	at sun.reflect.NativeMethodAccessorImpl.invoke(NativeMethodAccessorImpl.java:62)
	at sun.reflect.DelegatingMethodAccessorImpl.invoke(DelegatingMethodAccessorImpl.java:43)
	at java.lang.reflect.Method.invoke(Method.java:498)
	at org.testng.internal.MethodInvocationHelper.invokeMethod(MethodInvocationHelper.java:85)
	at org.testng.internal.MethodInvocationHelper$1.runTestMethod(MethodInvocationHelper.java:200)
	at org.springframework.test.context.testng.AbstractTestNGSpringContextTests.run(AbstractTestNGSpringContextTests.java:172)
	at org.testng.internal.MethodInvocationHelper.invokeHookable(MethodInvocationHelper.java:212)
	at org.testng.internal.Invoker.invokeMethod(Invoker.java:689)
	at org.testng.internal.Invoker.invokeTestMethod(Invoker.java:882)
	at org.testng.internal.Invoker.invokeTestMethods(Invoker.java:1189)
	at org.testng.internal.TestMethodWorker.invokeTestMethods(TestMethodWorker.java:124)
	at org.testng.internal.TestMethodWorker.run(TestMethodWorker.java:108)
	at org.testng.TestRunner.privateRun(TestRunner.java:767)
	at org.testng.TestRunner.run(TestRunner.java:617)
	at org.testng.SuiteRunner.runTest(SuiteRunner.java:348)
	at org.testng.SuiteRunner.runSequentially(SuiteRunner.java:343)
	at org.testng.SuiteRunner.privateRun(SuiteRunner.java:305)
	at org.testng.SuiteRunner.run(SuiteRunner.java:254)
	at org.testng.SuiteRunnerWorker.runSuite(SuiteRunnerWorker.java:52)
	at org.testng.SuiteRunnerWorker.run(SuiteRunnerWorker.java:86)
	at org.testng.TestNG.runSuitesSequentially(TestNG.java:1224)
	at org.testng.TestNG.runSuitesLocally(TestNG.java:1149)
	at org.testng.TestNG.run(TestNG.java:1057)
	at org.apache.maven.surefire.testng.TestNGExecutor.run(TestNGExecutor.java:115)
	at org.apache.maven.surefire.testng.TestNGDirectoryTestSuite.executeMulti(TestNGDirectoryTestSuite.java:205)
	at org.apache.maven.surefire.testng.TestNGDirectoryTestSuite.execute(TestNGDirectoryTestSuite.java:108)
	at org.apache.maven.surefire.testng.TestNGProvider.invoke(TestNGProvider.java:111)
	at org.apache.maven.surefire.booter.ForkedBooter.invokeProviderInSameClassLoader(ForkedBooter.java:203)
	at org.apache.maven.surefire.booter.ForkedBooter.runSuitesInProcess(ForkedBooter.java:155)
	at org.apache.maven.surefire.booter.ForkedBooter.main(ForkedBooter.java:103)
]]>
            </full-stacktrace>
          </exception> <!-- javax.validation.ConstraintViolationException -->
          <reporter-output>
          </reporter-output>
        </test-method> <!-- testNullCreated -->
        <test-method status="PASS" signature="springTestContextAfterTestMethod(java.lang.reflect.Method)[pri:0, instance:cz.muni.fi.pa165.travelAgency.persistence.dao.CustomerDaoTest@1f554b06]" name="springTestContextAfterTestMethod" is-config="true" duration-ms="1" started-at="2017-01-09T15:46:57Z" finished-at="2017-01-09T15:46:57Z">
          <params>
            <param index="0">
              <value>
                <![CDATA[public void cz.muni.fi.pa165.travelAgency.persistence.dao.CustomerDaoTest.testNullCreated()]]>
              </value>
            </param>
          </params>
          <reporter-output>
          </reporter-output>
        </test-method> <!-- springTestContextAfterTestMethod -->
        <test-method status="PASS" signature="springTestContextBeforeTestMethod(java.lang.reflect.Method)[pri:0, instance:cz.muni.fi.pa165.travelAgency.persistence.dao.CustomerDaoTest@1f554b06]" name="springTestContextBeforeTestMethod" is-config="true" duration-ms="1" started-at="2017-01-09T15:46:57Z" finished-at="2017-01-09T15:46:57Z">
          <params>
            <param index="0">
              <value>
                <![CDATA[public void cz.muni.fi.pa165.travelAgency.persistence.dao.CustomerDaoTest.testNullLastName()]]>
              </value>
            </param>
          </params>
          <reporter-output>
          </reporter-output>
        </test-method> <!-- springTestContextBeforeTestMethod -->
        <test-method status="PASS" signature="testNullLastName()[pri:0, instance:cz.muni.fi.pa165.travelAgency.persistence.dao.CustomerDaoTest@1f554b06]" name="testNullLastName" duration-ms="2" started-at="2017-01-09T15:46:57Z" finished-at="2017-01-09T15:46:57Z">
          <exception class="javax.validation.ConstraintViolationException">
            <message>
              <![CDATA[Validation failed for classes [cz.muni.fi.pa165.travelAgency.persistence.entity.Customer] during persist time for groups [javax.validation.groups.Default, ]
List of constraint violations:[
	ConstraintViolationImpl{interpolatedMessage='nesmí bıt null', propertyPath=lastName, rootBeanClass=class cz.muni.fi.pa165.travelAgency.persistence.entity.Customer, messageTemplate='{javax.validation.constraints.NotNull.message}'}
]]]>
            </message>
            <full-stacktrace>
              <![CDATA[javax.validation.ConstraintViolationException: Validation failed for classes [cz.muni.fi.pa165.travelAgency.persistence.entity.Customer] during persist time for groups [javax.validation.groups.Default, ]
List of constraint violations:[
	ConstraintViolationImpl{interpolatedMessage='nesmí bıt null', propertyPath=lastName, rootBeanClass=class cz.muni.fi.pa165.travelAgency.persistence.entity.Customer, messageTemplate='{javax.validation.constraints.NotNull.message}'}
]
	at org.hibernate.cfg.beanvalidation.BeanValidationEventListener.validate(BeanValidationEventListener.java:160)
	at org.hibernate.cfg.beanvalidation.BeanValidationEventListener.onPreInsert(BeanValidationEventListener.java:95)
	at org.hibernate.action.internal.EntityIdentityInsertAction.preInsert(EntityIdentityInsertAction.java:214)
	at org.hibernate.action.internal.EntityIdentityInsertAction.execute(EntityIdentityInsertAction.java:92)
	at org.hibernate.engine.spi.ActionQueue.execute(ActionQueue.java:492)
	at org.hibernate.engine.spi.ActionQueue.addResolvedEntityInsertAction(ActionQueue.java:197)
	at org.hibernate.engine.spi.ActionQueue.addInsertAction(ActionQueue.java:181)
	at org.hibernate.engine.spi.ActionQueue.addAction(ActionQueue.java:216)
	at org.hibernate.event.internal.AbstractSaveEventListener.addInsertAction(AbstractSaveEventListener.java:334)
	at org.hibernate.event.internal.AbstractSaveEventListener.performSaveOrReplicate(AbstractSaveEventListener.java:289)
	at org.hibernate.event.internal.AbstractSaveEventListener.performSave(AbstractSaveEventListener.java:195)
	at org.hibernate.event.internal.AbstractSaveEventListener.saveWithGeneratedId(AbstractSaveEventListener.java:126)
	at org.hibernate.jpa.event.internal.core.JpaPersistEventListener.saveWithGeneratedId(JpaPersistEventListener.java:84)
	at org.hibernate.event.internal.DefaultPersistEventListener.entityIsTransient(DefaultPersistEventListener.java:206)
	at org.hibernate.event.internal.DefaultPersistEventListener.onPersist(DefaultPersistEventListener.java:149)
	at org.hibernate.event.internal.DefaultPersistEventListener.onPersist(DefaultPersistEventListener.java:75)
	at org.hibernate.internal.SessionImpl.firePersist(SessionImpl.java:811)
	at org.hibernate.internal.SessionImpl.persist(SessionImpl.java:784)
	at org.hibernate.internal.SessionImpl.persist(SessionImpl.java:789)
	at org.hibernate.jpa.spi.AbstractEntityManagerImpl.persist(AbstractEntityManagerImpl.java:1181)
	at sun.reflect.NativeMethodAccessorImpl.invoke0(Native Method)
	at sun.reflect.NativeMethodAccessorImpl.invoke(NativeMethodAccessorImpl.java:62)
	at sun.reflect.DelegatingMethodAccessorImpl.invoke(DelegatingMethodAccessorImpl.java:43)
	at java.lang.reflect.Method.invoke(Method.java:498)
	at org.springframework.orm.jpa.SharedEntityManagerCreator$SharedEntityManagerInvocationHandler.invoke(SharedEntityManagerCreator.java:289)
	at com.sun.proxy.$Proxy45.persist(Unknown Source)
	at cz.muni.fi.pa165.travelAgency.persistence.dao.CustomerDaoImpl.create(CustomerDaoImpl.java:30)
	at sun.reflect.NativeMethodAccessorImpl.invoke0(Native Method)
	at sun.reflect.NativeMethodAccessorImpl.invoke(NativeMethodAccessorImpl.java:62)
	at sun.reflect.DelegatingMethodAccessorImpl.invoke(DelegatingMethodAccessorImpl.java:43)
	at java.lang.reflect.Method.invoke(Method.java:498)
	at org.springframework.aop.support.AopUtils.invokeJoinpointUsingReflection(AopUtils.java:317)
	at org.springframework.aop.framework.ReflectiveMethodInvocation.invokeJoinpoint(ReflectiveMethodInvocation.java:190)
	at org.springframework.aop.framework.ReflectiveMethodInvocation.proceed(ReflectiveMethodInvocation.java:157)
	at org.springframework.dao.support.PersistenceExceptionTranslationInterceptor.invoke(PersistenceExceptionTranslationInterceptor.java:136)
	at org.springframework.aop.framework.ReflectiveMethodInvocation.proceed(ReflectiveMethodInvocation.java:179)
	at org.springframework.transaction.interceptor.TransactionInterceptor$1.proceedWithInvocation(TransactionInterceptor.java:98)
	at org.springframework.transaction.interceptor.TransactionAspectSupport.invokeWithinTransaction(TransactionAspectSupport.java:262)
	at org.springframework.transaction.interceptor.TransactionInterceptor.invoke(TransactionInterceptor.java:95)
	at org.springframework.aop.framework.ReflectiveMethodInvocation.proceed(ReflectiveMethodInvocation.java:179)
	at org.springframework.aop.framework.JdkDynamicAopProxy.invoke(JdkDynamicAopProxy.java:207)
	at com.sun.proxy.$Proxy47.create(Unknown Source)
	at cz.muni.fi.pa165.travelAgency.persistence.dao.CustomerDaoTest.testNullLastName(CustomerDaoTest.java:144)
	at sun.reflect.NativeMethodAccessorImpl.invoke0(Native Method)
	at sun.reflect.NativeMethodAccessorImpl.invoke(NativeMethodAccessorImpl.java:62)
	at sun.reflect.DelegatingMethodAccessorImpl.invoke(DelegatingMethodAccessorImpl.java:43)
	at java.lang.reflect.Method.invoke(Method.java:498)
	at org.testng.internal.MethodInvocationHelper.invokeMethod(MethodInvocationHelper.java:85)
	at org.testng.internal.MethodInvocationHelper$1.runTestMethod(MethodInvocationHelper.java:200)
	at org.springframework.test.context.testng.AbstractTestNGSpringContextTests.run(AbstractTestNGSpringContextTests.java:172)
	at org.testng.internal.MethodInvocationHelper.invokeHookable(MethodInvocationHelper.java:212)
	at org.testng.internal.Invoker.invokeMethod(Invoker.java:689)
	at org.testng.internal.Invoker.invokeTestMethod(Invoker.java:882)
	at org.testng.internal.Invoker.invokeTestMethods(Invoker.java:1189)
	at org.testng.internal.TestMethodWorker.invokeTestMethods(TestMethodWorker.java:124)
	at org.testng.internal.TestMethodWorker.run(TestMethodWorker.java:108)
	at org.testng.TestRunner.privateRun(TestRunner.java:767)
	at org.testng.TestRunner.run(TestRunner.java:617)
	at org.testng.SuiteRunner.runTest(SuiteRunner.java:348)
	at org.testng.SuiteRunner.runSequentially(SuiteRunner.java:343)
	at org.testng.SuiteRunner.privateRun(SuiteRunner.java:305)
	at org.testng.SuiteRunner.run(SuiteRunner.java:254)
	at org.testng.SuiteRunnerWorker.runSuite(SuiteRunnerWorker.java:52)
	at org.testng.SuiteRunnerWorker.run(SuiteRunnerWorker.java:86)
	at org.testng.TestNG.runSuitesSequentially(TestNG.java:1224)
	at org.testng.TestNG.runSuitesLocally(TestNG.java:1149)
	at org.testng.TestNG.run(TestNG.java:1057)
	at org.apache.maven.surefire.testng.TestNGExecutor.run(TestNGExecutor.java:115)
	at org.apache.maven.surefire.testng.TestNGDirectoryTestSuite.executeMulti(TestNGDirectoryTestSuite.java:205)
	at org.apache.maven.surefire.testng.TestNGDirectoryTestSuite.execute(TestNGDirectoryTestSuite.java:108)
	at org.apache.maven.surefire.testng.TestNGProvider.invoke(TestNGProvider.java:111)
	at org.apache.maven.surefire.booter.ForkedBooter.invokeProviderInSameClassLoader(ForkedBooter.java:203)
	at org.apache.maven.surefire.booter.ForkedBooter.runSuitesInProcess(ForkedBooter.java:155)
	at org.apache.maven.surefire.booter.ForkedBooter.main(ForkedBooter.java:103)
]]>
            </full-stacktrace>
          </exception> <!-- javax.validation.ConstraintViolationException -->
          <reporter-output>
          </reporter-output>
        </test-method> <!-- testNullLastName -->
        <test-method status="PASS" signature="setup()[pri:0, instance:cz.muni.fi.pa165.travelAgency.persistence.dao.CustomerDaoTest@1f554b06]" name="setup" is-config="true" duration-ms="0" started-at="2017-01-09T15:46:57Z" finished-at="2017-01-09T15:46:57Z">
          <reporter-output>
          </reporter-output>
        </test-method> <!-- setup -->
        <test-method status="PASS" signature="springTestContextAfterTestMethod(java.lang.reflect.Method)[pri:0, instance:cz.muni.fi.pa165.travelAgency.persistence.dao.CustomerDaoTest@1f554b06]" name="springTestContextAfterTestMethod" is-config="true" duration-ms="0" started-at="2017-01-09T15:46:57Z" finished-at="2017-01-09T15:46:57Z">
          <params>
            <param index="0">
              <value>
                <![CDATA[public void cz.muni.fi.pa165.travelAgency.persistence.dao.CustomerDaoTest.testNullLastName()]]>
              </value>
            </param>
          </params>
          <reporter-output>
          </reporter-output>
        </test-method> <!-- springTestContextAfterTestMethod -->
        <test-method status="PASS" signature="springTestContextBeforeTestMethod(java.lang.reflect.Method)[pri:0, instance:cz.muni.fi.pa165.travelAgency.persistence.dao.CustomerDaoTest@1f554b06]" name="springTestContextBeforeTestMethod" is-config="true" duration-ms="2" started-at="2017-01-09T15:46:57Z" finished-at="2017-01-09T15:46:57Z">
          <params>
            <param index="0">
              <value>
                <![CDATA[public void cz.muni.fi.pa165.travelAgency.persistence.dao.CustomerDaoTest.testNullPhoneNumber()]]>
              </value>
            </param>
          </params>
          <reporter-output>
          </reporter-output>
        </test-method> <!-- springTestContextBeforeTestMethod -->
        <test-method status="PASS" signature="setup()[pri:0, instance:cz.muni.fi.pa165.travelAgency.persistence.dao.CustomerDaoTest@1f554b06]" name="setup" is-config="true" duration-ms="0" started-at="2017-01-09T15:46:57Z" finished-at="2017-01-09T15:46:57Z">
          <reporter-output>
          </reporter-output>
        </test-method> <!-- setup -->
        <test-method status="PASS" signature="testNullPhoneNumber()[pri:0, instance:cz.muni.fi.pa165.travelAgency.persistence.dao.CustomerDaoTest@1f554b06]" name="testNullPhoneNumber" duration-ms="1" started-at="2017-01-09T15:46:57Z" finished-at="2017-01-09T15:46:57Z">
          <exception class="javax.validation.ConstraintViolationException">
            <message>
              <![CDATA[Validation failed for classes [cz.muni.fi.pa165.travelAgency.persistence.entity.Customer] during persist time for groups [javax.validation.groups.Default, ]
List of constraint violations:[
	ConstraintViolationImpl{interpolatedMessage='nesmí bıt null', propertyPath=phoneNumber, rootBeanClass=class cz.muni.fi.pa165.travelAgency.persistence.entity.Customer, messageTemplate='{javax.validation.constraints.NotNull.message}'}
]]]>
            </message>
            <full-stacktrace>
              <![CDATA[javax.validation.ConstraintViolationException: Validation failed for classes [cz.muni.fi.pa165.travelAgency.persistence.entity.Customer] during persist time for groups [javax.validation.groups.Default, ]
List of constraint violations:[
	ConstraintViolationImpl{interpolatedMessage='nesmí bıt null', propertyPath=phoneNumber, rootBeanClass=class cz.muni.fi.pa165.travelAgency.persistence.entity.Customer, messageTemplate='{javax.validation.constraints.NotNull.message}'}
]
	at org.hibernate.cfg.beanvalidation.BeanValidationEventListener.validate(BeanValidationEventListener.java:160)
	at org.hibernate.cfg.beanvalidation.BeanValidationEventListener.onPreInsert(BeanValidationEventListener.java:95)
	at org.hibernate.action.internal.EntityIdentityInsertAction.preInsert(EntityIdentityInsertAction.java:214)
	at org.hibernate.action.internal.EntityIdentityInsertAction.execute(EntityIdentityInsertAction.java:92)
	at org.hibernate.engine.spi.ActionQueue.execute(ActionQueue.java:492)
	at org.hibernate.engine.spi.ActionQueue.addResolvedEntityInsertAction(ActionQueue.java:197)
	at org.hibernate.engine.spi.ActionQueue.addInsertAction(ActionQueue.java:181)
	at org.hibernate.engine.spi.ActionQueue.addAction(ActionQueue.java:216)
	at org.hibernate.event.internal.AbstractSaveEventListener.addInsertAction(AbstractSaveEventListener.java:334)
	at org.hibernate.event.internal.AbstractSaveEventListener.performSaveOrReplicate(AbstractSaveEventListener.java:289)
	at org.hibernate.event.internal.AbstractSaveEventListener.performSave(AbstractSaveEventListener.java:195)
	at org.hibernate.event.internal.AbstractSaveEventListener.saveWithGeneratedId(AbstractSaveEventListener.java:126)
	at org.hibernate.jpa.event.internal.core.JpaPersistEventListener.saveWithGeneratedId(JpaPersistEventListener.java:84)
	at org.hibernate.event.internal.DefaultPersistEventListener.entityIsTransient(DefaultPersistEventListener.java:206)
	at org.hibernate.event.internal.DefaultPersistEventListener.onPersist(DefaultPersistEventListener.java:149)
	at org.hibernate.event.internal.DefaultPersistEventListener.onPersist(DefaultPersistEventListener.java:75)
	at org.hibernate.internal.SessionImpl.firePersist(SessionImpl.java:811)
	at org.hibernate.internal.SessionImpl.persist(SessionImpl.java:784)
	at org.hibernate.internal.SessionImpl.persist(SessionImpl.java:789)
	at org.hibernate.jpa.spi.AbstractEntityManagerImpl.persist(AbstractEntityManagerImpl.java:1181)
	at sun.reflect.NativeMethodAccessorImpl.invoke0(Native Method)
	at sun.reflect.NativeMethodAccessorImpl.invoke(NativeMethodAccessorImpl.java:62)
	at sun.reflect.DelegatingMethodAccessorImpl.invoke(DelegatingMethodAccessorImpl.java:43)
	at java.lang.reflect.Method.invoke(Method.java:498)
	at org.springframework.orm.jpa.SharedEntityManagerCreator$SharedEntityManagerInvocationHandler.invoke(SharedEntityManagerCreator.java:289)
	at com.sun.proxy.$Proxy45.persist(Unknown Source)
	at cz.muni.fi.pa165.travelAgency.persistence.dao.CustomerDaoImpl.create(CustomerDaoImpl.java:30)
	at sun.reflect.NativeMethodAccessorImpl.invoke0(Native Method)
	at sun.reflect.NativeMethodAccessorImpl.invoke(NativeMethodAccessorImpl.java:62)
	at sun.reflect.DelegatingMethodAccessorImpl.invoke(DelegatingMethodAccessorImpl.java:43)
	at java.lang.reflect.Method.invoke(Method.java:498)
	at org.springframework.aop.support.AopUtils.invokeJoinpointUsingReflection(AopUtils.java:317)
	at org.springframework.aop.framework.ReflectiveMethodInvocation.invokeJoinpoint(ReflectiveMethodInvocation.java:190)
	at org.springframework.aop.framework.ReflectiveMethodInvocation.proceed(ReflectiveMethodInvocation.java:157)
	at org.springframework.dao.support.PersistenceExceptionTranslationInterceptor.invoke(PersistenceExceptionTranslationInterceptor.java:136)
	at org.springframework.aop.framework.ReflectiveMethodInvocation.proceed(ReflectiveMethodInvocation.java:179)
	at org.springframework.transaction.interceptor.TransactionInterceptor$1.proceedWithInvocation(TransactionInterceptor.java:98)
	at org.springframework.transaction.interceptor.TransactionAspectSupport.invokeWithinTransaction(TransactionAspectSupport.java:262)
	at org.springframework.transaction.interceptor.TransactionInterceptor.invoke(TransactionInterceptor.java:95)
	at org.springframework.aop.framework.ReflectiveMethodInvocation.proceed(ReflectiveMethodInvocation.java:179)
	at org.springframework.aop.framework.JdkDynamicAopProxy.invoke(JdkDynamicAopProxy.java:207)
	at com.sun.proxy.$Proxy47.create(Unknown Source)
	at cz.muni.fi.pa165.travelAgency.persistence.dao.CustomerDaoTest.testNullPhoneNumber(CustomerDaoTest.java:150)
	at sun.reflect.NativeMethodAccessorImpl.invoke0(Native Method)
	at sun.reflect.NativeMethodAccessorImpl.invoke(NativeMethodAccessorImpl.java:62)
	at sun.reflect.DelegatingMethodAccessorImpl.invoke(DelegatingMethodAccessorImpl.java:43)
	at java.lang.reflect.Method.invoke(Method.java:498)
	at org.testng.internal.MethodInvocationHelper.invokeMethod(MethodInvocationHelper.java:85)
	at org.testng.internal.MethodInvocationHelper$1.runTestMethod(MethodInvocationHelper.java:200)
	at org.springframework.test.context.testng.AbstractTestNGSpringContextTests.run(AbstractTestNGSpringContextTests.java:172)
	at org.testng.internal.MethodInvocationHelper.invokeHookable(MethodInvocationHelper.java:212)
	at org.testng.internal.Invoker.invokeMethod(Invoker.java:689)
	at org.testng.internal.Invoker.invokeTestMethod(Invoker.java:882)
	at org.testng.internal.Invoker.invokeTestMethods(Invoker.java:1189)
	at org.testng.internal.TestMethodWorker.invokeTestMethods(TestMethodWorker.java:124)
	at org.testng.internal.TestMethodWorker.run(TestMethodWorker.java:108)
	at org.testng.TestRunner.privateRun(TestRunner.java:767)
	at org.testng.TestRunner.run(TestRunner.java:617)
	at org.testng.SuiteRunner.runTest(SuiteRunner.java:348)
	at org.testng.SuiteRunner.runSequentially(SuiteRunner.java:343)
	at org.testng.SuiteRunner.privateRun(SuiteRunner.java:305)
	at org.testng.SuiteRunner.run(SuiteRunner.java:254)
	at org.testng.SuiteRunnerWorker.runSuite(SuiteRunnerWorker.java:52)
	at org.testng.SuiteRunnerWorker.run(SuiteRunnerWorker.java:86)
	at org.testng.TestNG.runSuitesSequentially(TestNG.java:1224)
	at org.testng.TestNG.runSuitesLocally(TestNG.java:1149)
	at org.testng.TestNG.run(TestNG.java:1057)
	at org.apache.maven.surefire.testng.TestNGExecutor.run(TestNGExecutor.java:115)
	at org.apache.maven.surefire.testng.TestNGDirectoryTestSuite.executeMulti(TestNGDirectoryTestSuite.java:205)
	at org.apache.maven.surefire.testng.TestNGDirectoryTestSuite.execute(TestNGDirectoryTestSuite.java:108)
	at org.apache.maven.surefire.testng.TestNGProvider.invoke(TestNGProvider.java:111)
	at org.apache.maven.surefire.booter.ForkedBooter.invokeProviderInSameClassLoader(ForkedBooter.java:203)
	at org.apache.maven.surefire.booter.ForkedBooter.runSuitesInProcess(ForkedBooter.java:155)
	at org.apache.maven.surefire.booter.ForkedBooter.main(ForkedBooter.java:103)
]]>
            </full-stacktrace>
          </exception> <!-- javax.validation.ConstraintViolationException -->
          <reporter-output>
          </reporter-output>
        </test-method> <!-- testNullPhoneNumber -->
        <test-method status="PASS" signature="springTestContextAfterTestMethod(java.lang.reflect.Method)[pri:0, instance:cz.muni.fi.pa165.travelAgency.persistence.dao.CustomerDaoTest@1f554b06]" name="springTestContextAfterTestMethod" is-config="true" duration-ms="1" started-at="2017-01-09T15:46:57Z" finished-at="2017-01-09T15:46:57Z">
          <params>
            <param index="0">
              <value>
                <![CDATA[public void cz.muni.fi.pa165.travelAgency.persistence.dao.CustomerDaoTest.testNullPhoneNumber()]]>
              </value>
            </param>
          </params>
          <reporter-output>
          </reporter-output>
        </test-method> <!-- springTestContextAfterTestMethod -->
        <test-method status="PASS" signature="springTestContextBeforeTestMethod(java.lang.reflect.Method)[pri:0, instance:cz.muni.fi.pa165.travelAgency.persistence.dao.CustomerDaoTest@1f554b06]" name="springTestContextBeforeTestMethod" is-config="true" duration-ms="1" started-at="2017-01-09T15:46:57Z" finished-at="2017-01-09T15:46:57Z">
          <params>
            <param index="0">
              <value>
                <![CDATA[public void cz.muni.fi.pa165.travelAgency.persistence.dao.CustomerDaoTest.testNullcustomerRole()]]>
              </value>
            </param>
          </params>
          <reporter-output>
          </reporter-output>
        </test-method> <!-- springTestContextBeforeTestMethod -->
        <test-method status="PASS" signature="setup()[pri:0, instance:cz.muni.fi.pa165.travelAgency.persistence.dao.CustomerDaoTest@1f554b06]" name="setup" is-config="true" duration-ms="1" started-at="2017-01-09T15:46:57Z" finished-at="2017-01-09T15:46:57Z">
          <reporter-output>
          </reporter-output>
        </test-method> <!-- setup -->
        <test-method status="PASS" signature="testNullcustomerRole()[pri:0, instance:cz.muni.fi.pa165.travelAgency.persistence.dao.CustomerDaoTest@1f554b06]" name="testNullcustomerRole" duration-ms="1" started-at="2017-01-09T15:46:57Z" finished-at="2017-01-09T15:46:57Z">
          <exception class="javax.validation.ConstraintViolationException">
            <message>
              <![CDATA[Validation failed for classes [cz.muni.fi.pa165.travelAgency.persistence.entity.Customer] during persist time for groups [javax.validation.groups.Default, ]
List of constraint violations:[
	ConstraintViolationImpl{interpolatedMessage='nesmí bıt null', propertyPath=customerRole, rootBeanClass=class cz.muni.fi.pa165.travelAgency.persistence.entity.Customer, messageTemplate='{javax.validation.constraints.NotNull.message}'}
]]]>
            </message>
            <full-stacktrace>
              <![CDATA[javax.validation.ConstraintViolationException: Validation failed for classes [cz.muni.fi.pa165.travelAgency.persistence.entity.Customer] during persist time for groups [javax.validation.groups.Default, ]
List of constraint violations:[
	ConstraintViolationImpl{interpolatedMessage='nesmí bıt null', propertyPath=customerRole, rootBeanClass=class cz.muni.fi.pa165.travelAgency.persistence.entity.Customer, messageTemplate='{javax.validation.constraints.NotNull.message}'}
]
	at org.hibernate.cfg.beanvalidation.BeanValidationEventListener.validate(BeanValidationEventListener.java:160)
	at org.hibernate.cfg.beanvalidation.BeanValidationEventListener.onPreInsert(BeanValidationEventListener.java:95)
	at org.hibernate.action.internal.EntityIdentityInsertAction.preInsert(EntityIdentityInsertAction.java:214)
	at org.hibernate.action.internal.EntityIdentityInsertAction.execute(EntityIdentityInsertAction.java:92)
	at org.hibernate.engine.spi.ActionQueue.execute(ActionQueue.java:492)
	at org.hibernate.engine.spi.ActionQueue.addResolvedEntityInsertAction(ActionQueue.java:197)
	at org.hibernate.engine.spi.ActionQueue.addInsertAction(ActionQueue.java:181)
	at org.hibernate.engine.spi.ActionQueue.addAction(ActionQueue.java:216)
	at org.hibernate.event.internal.AbstractSaveEventListener.addInsertAction(AbstractSaveEventListener.java:334)
	at org.hibernate.event.internal.AbstractSaveEventListener.performSaveOrReplicate(AbstractSaveEventListener.java:289)
	at org.hibernate.event.internal.AbstractSaveEventListener.performSave(AbstractSaveEventListener.java:195)
	at org.hibernate.event.internal.AbstractSaveEventListener.saveWithGeneratedId(AbstractSaveEventListener.java:126)
	at org.hibernate.jpa.event.internal.core.JpaPersistEventListener.saveWithGeneratedId(JpaPersistEventListener.java:84)
	at org.hibernate.event.internal.DefaultPersistEventListener.entityIsTransient(DefaultPersistEventListener.java:206)
	at org.hibernate.event.internal.DefaultPersistEventListener.onPersist(DefaultPersistEventListener.java:149)
	at org.hibernate.event.internal.DefaultPersistEventListener.onPersist(DefaultPersistEventListener.java:75)
	at org.hibernate.internal.SessionImpl.firePersist(SessionImpl.java:811)
	at org.hibernate.internal.SessionImpl.persist(SessionImpl.java:784)
	at org.hibernate.internal.SessionImpl.persist(SessionImpl.java:789)
	at org.hibernate.jpa.spi.AbstractEntityManagerImpl.persist(AbstractEntityManagerImpl.java:1181)
	at sun.reflect.NativeMethodAccessorImpl.invoke0(Native Method)
	at sun.reflect.NativeMethodAccessorImpl.invoke(NativeMethodAccessorImpl.java:62)
	at sun.reflect.DelegatingMethodAccessorImpl.invoke(DelegatingMethodAccessorImpl.java:43)
	at java.lang.reflect.Method.invoke(Method.java:498)
	at org.springframework.orm.jpa.SharedEntityManagerCreator$SharedEntityManagerInvocationHandler.invoke(SharedEntityManagerCreator.java:289)
	at com.sun.proxy.$Proxy45.persist(Unknown Source)
	at cz.muni.fi.pa165.travelAgency.persistence.dao.CustomerDaoImpl.create(CustomerDaoImpl.java:30)
	at sun.reflect.NativeMethodAccessorImpl.invoke0(Native Method)
	at sun.reflect.NativeMethodAccessorImpl.invoke(NativeMethodAccessorImpl.java:62)
	at sun.reflect.DelegatingMethodAccessorImpl.invoke(DelegatingMethodAccessorImpl.java:43)
	at java.lang.reflect.Method.invoke(Method.java:498)
	at org.springframework.aop.support.AopUtils.invokeJoinpointUsingReflection(AopUtils.java:317)
	at org.springframework.aop.framework.ReflectiveMethodInvocation.invokeJoinpoint(ReflectiveMethodInvocation.java:190)
	at org.springframework.aop.framework.ReflectiveMethodInvocation.proceed(ReflectiveMethodInvocation.java:157)
	at org.springframework.dao.support.PersistenceExceptionTranslationInterceptor.invoke(PersistenceExceptionTranslationInterceptor.java:136)
	at org.springframework.aop.framework.ReflectiveMethodInvocation.proceed(ReflectiveMethodInvocation.java:179)
	at org.springframework.transaction.interceptor.TransactionInterceptor$1.proceedWithInvocation(TransactionInterceptor.java:98)
	at org.springframework.transaction.interceptor.TransactionAspectSupport.invokeWithinTransaction(TransactionAspectSupport.java:262)
	at org.springframework.transaction.interceptor.TransactionInterceptor.invoke(TransactionInterceptor.java:95)
	at org.springframework.aop.framework.ReflectiveMethodInvocation.proceed(ReflectiveMethodInvocation.java:179)
	at org.springframework.aop.framework.JdkDynamicAopProxy.invoke(JdkDynamicAopProxy.java:207)
	at com.sun.proxy.$Proxy47.create(Unknown Source)
	at cz.muni.fi.pa165.travelAgency.persistence.dao.CustomerDaoTest.testNullcustomerRole(CustomerDaoTest.java:162)
	at sun.reflect.NativeMethodAccessorImpl.invoke0(Native Method)
	at sun.reflect.NativeMethodAccessorImpl.invoke(NativeMethodAccessorImpl.java:62)
	at sun.reflect.DelegatingMethodAccessorImpl.invoke(DelegatingMethodAccessorImpl.java:43)
	at java.lang.reflect.Method.invoke(Method.java:498)
	at org.testng.internal.MethodInvocationHelper.invokeMethod(MethodInvocationHelper.java:85)
	at org.testng.internal.MethodInvocationHelper$1.runTestMethod(MethodInvocationHelper.java:200)
	at org.springframework.test.context.testng.AbstractTestNGSpringContextTests.run(AbstractTestNGSpringContextTests.java:172)
	at org.testng.internal.MethodInvocationHelper.invokeHookable(MethodInvocationHelper.java:212)
	at org.testng.internal.Invoker.invokeMethod(Invoker.java:689)
	at org.testng.internal.Invoker.invokeTestMethod(Invoker.java:882)
	at org.testng.internal.Invoker.invokeTestMethods(Invoker.java:1189)
	at org.testng.internal.TestMethodWorker.invokeTestMethods(TestMethodWorker.java:124)
	at org.testng.internal.TestMethodWorker.run(TestMethodWorker.java:108)
	at org.testng.TestRunner.privateRun(TestRunner.java:767)
	at org.testng.TestRunner.run(TestRunner.java:617)
	at org.testng.SuiteRunner.runTest(SuiteRunner.java:348)
	at org.testng.SuiteRunner.runSequentially(SuiteRunner.java:343)
	at org.testng.SuiteRunner.privateRun(SuiteRunner.java:305)
	at org.testng.SuiteRunner.run(SuiteRunner.java:254)
	at org.testng.SuiteRunnerWorker.runSuite(SuiteRunnerWorker.java:52)
	at org.testng.SuiteRunnerWorker.run(SuiteRunnerWorker.java:86)
	at org.testng.TestNG.runSuitesSequentially(TestNG.java:1224)
	at org.testng.TestNG.runSuitesLocally(TestNG.java:1149)
	at org.testng.TestNG.run(TestNG.java:1057)
	at org.apache.maven.surefire.testng.TestNGExecutor.run(TestNGExecutor.java:115)
	at org.apache.maven.surefire.testng.TestNGDirectoryTestSuite.executeMulti(TestNGDirectoryTestSuite.java:205)
	at org.apache.maven.surefire.testng.TestNGDirectoryTestSuite.execute(TestNGDirectoryTestSuite.java:108)
	at org.apache.maven.surefire.testng.TestNGProvider.invoke(TestNGProvider.java:111)
	at org.apache.maven.surefire.booter.ForkedBooter.invokeProviderInSameClassLoader(ForkedBooter.java:203)
	at org.apache.maven.surefire.booter.ForkedBooter.runSuitesInProcess(ForkedBooter.java:155)
	at org.apache.maven.surefire.booter.ForkedBooter.main(ForkedBooter.java:103)
]]>
            </full-stacktrace>
          </exception> <!-- javax.validation.ConstraintViolationException -->
          <reporter-output>
          </reporter-output>
        </test-method> <!-- testNullcustomerRole -->
        <test-method status="PASS" signature="springTestContextAfterTestMethod(java.lang.reflect.Method)[pri:0, instance:cz.muni.fi.pa165.travelAgency.persistence.dao.CustomerDaoTest@1f554b06]" name="springTestContextAfterTestMethod" is-config="true" duration-ms="0" started-at="2017-01-09T15:46:57Z" finished-at="2017-01-09T15:46:57Z">
          <params>
            <param index="0">
              <value>
                <![CDATA[public void cz.muni.fi.pa165.travelAgency.persistence.dao.CustomerDaoTest.testNullcustomerRole()]]>
              </value>
            </param>
          </params>
          <reporter-output>
          </reporter-output>
        </test-method> <!-- springTestContextAfterTestMethod -->
        <test-method status="PASS" signature="springTestContextBeforeTestMethod(java.lang.reflect.Method)[pri:0, instance:cz.muni.fi.pa165.travelAgency.persistence.dao.CustomerDaoTest@1f554b06]" name="springTestContextBeforeTestMethod" is-config="true" duration-ms="1" started-at="2017-01-09T15:46:57Z" finished-at="2017-01-09T15:46:57Z">
          <params>
            <param index="0">
              <value>
                <![CDATA[public void cz.muni.fi.pa165.travelAgency.persistence.dao.CustomerDaoTest.testNullfirstName()]]>
              </value>
            </param>
          </params>
          <reporter-output>
          </reporter-output>
        </test-method> <!-- springTestContextBeforeTestMethod -->
        <test-method status="PASS" signature="setup()[pri:0, instance:cz.muni.fi.pa165.travelAgency.persistence.dao.CustomerDaoTest@1f554b06]" name="setup" is-config="true" duration-ms="0" started-at="2017-01-09T15:46:57Z" finished-at="2017-01-09T15:46:57Z">
          <reporter-output>
          </reporter-output>
        </test-method> <!-- setup -->
        <test-method status="PASS" signature="testNullfirstName()[pri:0, instance:cz.muni.fi.pa165.travelAgency.persistence.dao.CustomerDaoTest@1f554b06]" name="testNullfirstName" duration-ms="1" started-at="2017-01-09T15:46:57Z" finished-at="2017-01-09T15:46:57Z">
          <exception class="javax.validation.ConstraintViolationException">
            <message>
              <![CDATA[Validation failed for classes [cz.muni.fi.pa165.travelAgency.persistence.entity.Customer] during persist time for groups [javax.validation.groups.Default, ]
List of constraint violations:[
	ConstraintViolationImpl{interpolatedMessage='nesmí bıt null', propertyPath=firstName, rootBeanClass=class cz.muni.fi.pa165.travelAgency.persistence.entity.Customer, messageTemplate='{javax.validation.constraints.NotNull.message}'}
]]]>
            </message>
            <full-stacktrace>
              <![CDATA[javax.validation.ConstraintViolationException: Validation failed for classes [cz.muni.fi.pa165.travelAgency.persistence.entity.Customer] during persist time for groups [javax.validation.groups.Default, ]
List of constraint violations:[
	ConstraintViolationImpl{interpolatedMessage='nesmí bıt null', propertyPath=firstName, rootBeanClass=class cz.muni.fi.pa165.travelAgency.persistence.entity.Customer, messageTemplate='{javax.validation.constraints.NotNull.message}'}
]
	at org.hibernate.cfg.beanvalidation.BeanValidationEventListener.validate(BeanValidationEventListener.java:160)
	at org.hibernate.cfg.beanvalidation.BeanValidationEventListener.onPreInsert(BeanValidationEventListener.java:95)
	at org.hibernate.action.internal.EntityIdentityInsertAction.preInsert(EntityIdentityInsertAction.java:214)
	at org.hibernate.action.internal.EntityIdentityInsertAction.execute(EntityIdentityInsertAction.java:92)
	at org.hibernate.engine.spi.ActionQueue.execute(ActionQueue.java:492)
	at org.hibernate.engine.spi.ActionQueue.addResolvedEntityInsertAction(ActionQueue.java:197)
	at org.hibernate.engine.spi.ActionQueue.addInsertAction(ActionQueue.java:181)
	at org.hibernate.engine.spi.ActionQueue.addAction(ActionQueue.java:216)
	at org.hibernate.event.internal.AbstractSaveEventListener.addInsertAction(AbstractSaveEventListener.java:334)
	at org.hibernate.event.internal.AbstractSaveEventListener.performSaveOrReplicate(AbstractSaveEventListener.java:289)
	at org.hibernate.event.internal.AbstractSaveEventListener.performSave(AbstractSaveEventListener.java:195)
	at org.hibernate.event.internal.AbstractSaveEventListener.saveWithGeneratedId(AbstractSaveEventListener.java:126)
	at org.hibernate.jpa.event.internal.core.JpaPersistEventListener.saveWithGeneratedId(JpaPersistEventListener.java:84)
	at org.hibernate.event.internal.DefaultPersistEventListener.entityIsTransient(DefaultPersistEventListener.java:206)
	at org.hibernate.event.internal.DefaultPersistEventListener.onPersist(DefaultPersistEventListener.java:149)
	at org.hibernate.event.internal.DefaultPersistEventListener.onPersist(DefaultPersistEventListener.java:75)
	at org.hibernate.internal.SessionImpl.firePersist(SessionImpl.java:811)
	at org.hibernate.internal.SessionImpl.persist(SessionImpl.java:784)
	at org.hibernate.internal.SessionImpl.persist(SessionImpl.java:789)
	at org.hibernate.jpa.spi.AbstractEntityManagerImpl.persist(AbstractEntityManagerImpl.java:1181)
	at sun.reflect.NativeMethodAccessorImpl.invoke0(Native Method)
	at sun.reflect.NativeMethodAccessorImpl.invoke(NativeMethodAccessorImpl.java:62)
	at sun.reflect.DelegatingMethodAccessorImpl.invoke(DelegatingMethodAccessorImpl.java:43)
	at java.lang.reflect.Method.invoke(Method.java:498)
	at org.springframework.orm.jpa.SharedEntityManagerCreator$SharedEntityManagerInvocationHandler.invoke(SharedEntityManagerCreator.java:289)
	at com.sun.proxy.$Proxy45.persist(Unknown Source)
	at cz.muni.fi.pa165.travelAgency.persistence.dao.CustomerDaoImpl.create(CustomerDaoImpl.java:30)
	at sun.reflect.NativeMethodAccessorImpl.invoke0(Native Method)
	at sun.reflect.NativeMethodAccessorImpl.invoke(NativeMethodAccessorImpl.java:62)
	at sun.reflect.DelegatingMethodAccessorImpl.invoke(DelegatingMethodAccessorImpl.java:43)
	at java.lang.reflect.Method.invoke(Method.java:498)
	at org.springframework.aop.support.AopUtils.invokeJoinpointUsingReflection(AopUtils.java:317)
	at org.springframework.aop.framework.ReflectiveMethodInvocation.invokeJoinpoint(ReflectiveMethodInvocation.java:190)
	at org.springframework.aop.framework.ReflectiveMethodInvocation.proceed(ReflectiveMethodInvocation.java:157)
	at org.springframework.dao.support.PersistenceExceptionTranslationInterceptor.invoke(PersistenceExceptionTranslationInterceptor.java:136)
	at org.springframework.aop.framework.ReflectiveMethodInvocation.proceed(ReflectiveMethodInvocation.java:179)
	at org.springframework.transaction.interceptor.TransactionInterceptor$1.proceedWithInvocation(TransactionInterceptor.java:98)
	at org.springframework.transaction.interceptor.TransactionAspectSupport.invokeWithinTransaction(TransactionAspectSupport.java:262)
	at org.springframework.transaction.interceptor.TransactionInterceptor.invoke(TransactionInterceptor.java:95)
	at org.springframework.aop.framework.ReflectiveMethodInvocation.proceed(ReflectiveMethodInvocation.java:179)
	at org.springframework.aop.framework.JdkDynamicAopProxy.invoke(JdkDynamicAopProxy.java:207)
	at com.sun.proxy.$Proxy47.create(Unknown Source)
	at cz.muni.fi.pa165.travelAgency.persistence.dao.CustomerDaoTest.testNullfirstName(CustomerDaoTest.java:138)
	at sun.reflect.NativeMethodAccessorImpl.invoke0(Native Method)
	at sun.reflect.NativeMethodAccessorImpl.invoke(NativeMethodAccessorImpl.java:62)
	at sun.reflect.DelegatingMethodAccessorImpl.invoke(DelegatingMethodAccessorImpl.java:43)
	at java.lang.reflect.Method.invoke(Method.java:498)
	at org.testng.internal.MethodInvocationHelper.invokeMethod(MethodInvocationHelper.java:85)
	at org.testng.internal.MethodInvocationHelper$1.runTestMethod(MethodInvocationHelper.java:200)
	at org.springframework.test.context.testng.AbstractTestNGSpringContextTests.run(AbstractTestNGSpringContextTests.java:172)
	at org.testng.internal.MethodInvocationHelper.invokeHookable(MethodInvocationHelper.java:212)
	at org.testng.internal.Invoker.invokeMethod(Invoker.java:689)
	at org.testng.internal.Invoker.invokeTestMethod(Invoker.java:882)
	at org.testng.internal.Invoker.invokeTestMethods(Invoker.java:1189)
	at org.testng.internal.TestMethodWorker.invokeTestMethods(TestMethodWorker.java:124)
	at org.testng.internal.TestMethodWorker.run(TestMethodWorker.java:108)
	at org.testng.TestRunner.privateRun(TestRunner.java:767)
	at org.testng.TestRunner.run(TestRunner.java:617)
	at org.testng.SuiteRunner.runTest(SuiteRunner.java:348)
	at org.testng.SuiteRunner.runSequentially(SuiteRunner.java:343)
	at org.testng.SuiteRunner.privateRun(SuiteRunner.java:305)
	at org.testng.SuiteRunner.run(SuiteRunner.java:254)
	at org.testng.SuiteRunnerWorker.runSuite(SuiteRunnerWorker.java:52)
	at org.testng.SuiteRunnerWorker.run(SuiteRunnerWorker.java:86)
	at org.testng.TestNG.runSuitesSequentially(TestNG.java:1224)
	at org.testng.TestNG.runSuitesLocally(TestNG.java:1149)
	at org.testng.TestNG.run(TestNG.java:1057)
	at org.apache.maven.surefire.testng.TestNGExecutor.run(TestNGExecutor.java:115)
	at org.apache.maven.surefire.testng.TestNGDirectoryTestSuite.executeMulti(TestNGDirectoryTestSuite.java:205)
	at org.apache.maven.surefire.testng.TestNGDirectoryTestSuite.execute(TestNGDirectoryTestSuite.java:108)
	at org.apache.maven.surefire.testng.TestNGProvider.invoke(TestNGProvider.java:111)
	at org.apache.maven.surefire.booter.ForkedBooter.invokeProviderInSameClassLoader(ForkedBooter.java:203)
	at org.apache.maven.surefire.booter.ForkedBooter.runSuitesInProcess(ForkedBooter.java:155)
	at org.apache.maven.surefire.booter.ForkedBooter.main(ForkedBooter.java:103)
]]>
            </full-stacktrace>
          </exception> <!-- javax.validation.ConstraintViolationException -->
          <reporter-output>
          </reporter-output>
        </test-method> <!-- testNullfirstName -->
        <test-method status="PASS" signature="springTestContextAfterTestMethod(java.lang.reflect.Method)[pri:0, instance:cz.muni.fi.pa165.travelAgency.persistence.dao.CustomerDaoTest@1f554b06]" name="springTestContextAfterTestMethod" is-config="true" duration-ms="1" started-at="2017-01-09T15:46:57Z" finished-at="2017-01-09T15:46:57Z">
          <params>
            <param index="0">
              <value>
                <![CDATA[public void cz.muni.fi.pa165.travelAgency.persistence.dao.CustomerDaoTest.testNullfirstName()]]>
              </value>
            </param>
          </params>
          <reporter-output>
          </reporter-output>
        </test-method> <!-- springTestContextAfterTestMethod -->
        <test-method status="PASS" signature="springTestContextBeforeTestMethod(java.lang.reflect.Method)[pri:0, instance:cz.muni.fi.pa165.travelAgency.persistence.dao.CustomerDaoTest@1f554b06]" name="springTestContextBeforeTestMethod" is-config="true" duration-ms="1" started-at="2017-01-09T15:46:57Z" finished-at="2017-01-09T15:46:57Z">
          <params>
            <param index="0">
              <value>
                <![CDATA[public void cz.muni.fi.pa165.travelAgency.persistence.dao.CustomerDaoTest.updateTest()]]>
              </value>
            </param>
          </params>
          <reporter-output>
          </reporter-output>
        </test-method> <!-- springTestContextBeforeTestMethod -->
        <test-method status="PASS" signature="setup()[pri:0, instance:cz.muni.fi.pa165.travelAgency.persistence.dao.CustomerDaoTest@1f554b06]" name="setup" is-config="true" duration-ms="1" started-at="2017-01-09T15:46:57Z" finished-at="2017-01-09T15:46:57Z">
          <reporter-output>
          </reporter-output>
        </test-method> <!-- setup -->
        <test-method status="PASS" signature="updateTest()[pri:0, instance:cz.muni.fi.pa165.travelAgency.persistence.dao.CustomerDaoTest@1f554b06]" name="updateTest" duration-ms="18" started-at="2017-01-09T15:46:57Z" finished-at="2017-01-09T15:46:57Z">
          <reporter-output>
          </reporter-output>
        </test-method> <!-- updateTest -->
        <test-method status="PASS" signature="springTestContextAfterTestMethod(java.lang.reflect.Method)[pri:0, instance:cz.muni.fi.pa165.travelAgency.persistence.dao.CustomerDaoTest@1f554b06]" name="springTestContextAfterTestMethod" is-config="true" duration-ms="2" started-at="2017-01-09T15:46:57Z" finished-at="2017-01-09T15:46:57Z">
          <params>
            <param index="0">
              <value>
                <![CDATA[public void cz.muni.fi.pa165.travelAgency.persistence.dao.CustomerDaoTest.updateTest()]]>
              </value>
            </param>
          </params>
          <reporter-output>
          </reporter-output>
        </test-method> <!-- springTestContextAfterTestMethod -->
        <test-method status="PASS" signature="springTestContextAfterTestClass()[pri:0, instance:cz.muni.fi.pa165.travelAgency.persistence.dao.CustomerDaoTest@1f554b06]" name="springTestContextAfterTestClass" is-config="true" duration-ms="0" started-at="2017-01-09T15:46:57Z" finished-at="2017-01-09T15:46:57Z">
          <reporter-output>
          </reporter-output>
        </test-method> <!-- springTestContextAfterTestClass -->
      </class> <!-- cz.muni.fi.pa165.travelAgency.persistence.dao.CustomerDaoTest -->
      <class name="cz.muni.fi.pa165.travelAgency.persistence.dao.ExcursionDaoTest">
        <test-method status="PASS" signature="springTestContextPrepareTestInstance()[pri:0, instance:cz.muni.fi.pa165.travelAgency.persistence.dao.ExcursionDaoTest@1c3a4799]" name="springTestContextPrepareTestInstance" is-config="true" duration-ms="2" started-at="2017-01-09T15:46:57Z" depends-on-methods="org.springframework.test.context.testng.AbstractTestNGSpringContextTests.springTestContextBeforeTestClass" finished-at="2017-01-09T15:46:57Z">
          <reporter-output>
          </reporter-output>
        </test-method> <!-- springTestContextPrepareTestInstance -->
        <test-method status="PASS" signature="springTestContextBeforeTestClass()[pri:0, instance:cz.muni.fi.pa165.travelAgency.persistence.dao.ExcursionDaoTest@1c3a4799]" name="springTestContextBeforeTestClass" is-config="true" duration-ms="0" started-at="2017-01-09T15:46:57Z" finished-at="2017-01-09T15:46:57Z">
          <reporter-output>
          </reporter-output>
        </test-method> <!-- springTestContextBeforeTestClass -->
        <test-method status="PASS" signature="springTestContextBeforeTestMethod(java.lang.reflect.Method)[pri:0, instance:cz.muni.fi.pa165.travelAgency.persistence.dao.ExcursionDaoTest@1c3a4799]" name="springTestContextBeforeTestMethod" is-config="true" duration-ms="1" started-at="2017-01-09T15:46:57Z" finished-at="2017-01-09T15:46:57Z">
          <params>
            <param index="0">
              <value>
                <![CDATA[public void cz.muni.fi.pa165.travelAgency.persistence.dao.ExcursionDaoTest.create()]]>
              </value>
            </param>
          </params>
          <reporter-output>
          </reporter-output>
        </test-method> <!-- springTestContextBeforeTestMethod -->
        <test-method status="PASS" signature="setup()[pri:0, instance:cz.muni.fi.pa165.travelAgency.persistence.dao.ExcursionDaoTest@1c3a4799]" name="setup" is-config="true" duration-ms="1" started-at="2017-01-09T15:46:57Z" finished-at="2017-01-09T15:46:57Z">
          <reporter-output>
          </reporter-output>
        </test-method> <!-- setup -->
        <test-method status="PASS" signature="create()[pri:0, instance:cz.muni.fi.pa165.travelAgency.persistence.dao.ExcursionDaoTest@1c3a4799]" name="create" duration-ms="17" started-at="2017-01-09T15:46:57Z" finished-at="2017-01-09T15:46:57Z">
          <reporter-output>
          </reporter-output>
        </test-method> <!-- create -->
        <test-method status="PASS" signature="springTestContextAfterTestMethod(java.lang.reflect.Method)[pri:0, instance:cz.muni.fi.pa165.travelAgency.persistence.dao.ExcursionDaoTest@1c3a4799]" name="springTestContextAfterTestMethod" is-config="true" duration-ms="1" started-at="2017-01-09T15:46:57Z" finished-at="2017-01-09T15:46:57Z">
          <params>
            <param index="0">
              <value>
                <![CDATA[public void cz.muni.fi.pa165.travelAgency.persistence.dao.ExcursionDaoTest.create()]]>
              </value>
            </param>
          </params>
          <reporter-output>
          </reporter-output>
        </test-method> <!-- springTestContextAfterTestMethod -->
        <test-method status="PASS" signature="springTestContextBeforeTestMethod(java.lang.reflect.Method)[pri:0, instance:cz.muni.fi.pa165.travelAgency.persistence.dao.ExcursionDaoTest@1c3a4799]" name="springTestContextBeforeTestMethod" is-config="true" duration-ms="1" started-at="2017-01-09T15:46:57Z" finished-at="2017-01-09T15:46:57Z">
          <params>
            <param index="0">
              <value>
                <![CDATA[public void cz.muni.fi.pa165.travelAgency.persistence.dao.ExcursionDaoTest.findAllExcursions()]]>
              </value>
            </param>
          </params>
          <reporter-output>
          </reporter-output>
        </test-method> <!-- springTestContextBeforeTestMethod -->
        <test-method status="PASS" signature="setup()[pri:0, instance:cz.muni.fi.pa165.travelAgency.persistence.dao.ExcursionDaoTest@1c3a4799]" name="setup" is-config="true" duration-ms="1" started-at="2017-01-09T15:46:57Z" finished-at="2017-01-09T15:46:57Z">
          <reporter-output>
          </reporter-output>
        </test-method> <!-- setup -->
        <test-method status="PASS" signature="findAllExcursions()[pri:0, instance:cz.muni.fi.pa165.travelAgency.persistence.dao.ExcursionDaoTest@1c3a4799]" name="findAllExcursions" duration-ms="8" started-at="2017-01-09T15:46:57Z" finished-at="2017-01-09T15:46:57Z">
          <reporter-output>
          </reporter-output>
        </test-method> <!-- findAllExcursions -->
        <test-method status="PASS" signature="springTestContextAfterTestMethod(java.lang.reflect.Method)[pri:0, instance:cz.muni.fi.pa165.travelAgency.persistence.dao.ExcursionDaoTest@1c3a4799]" name="springTestContextAfterTestMethod" is-config="true" duration-ms="2" started-at="2017-01-09T15:46:57Z" finished-at="2017-01-09T15:46:57Z">
          <params>
            <param index="0">
              <value>
                <![CDATA[public void cz.muni.fi.pa165.travelAgency.persistence.dao.ExcursionDaoTest.findAllExcursions()]]>
              </value>
            </param>
          </params>
          <reporter-output>
          </reporter-output>
        </test-method> <!-- springTestContextAfterTestMethod -->
        <test-method status="PASS" signature="springTestContextBeforeTestMethod(java.lang.reflect.Method)[pri:0, instance:cz.muni.fi.pa165.travelAgency.persistence.dao.ExcursionDaoTest@1c3a4799]" name="springTestContextBeforeTestMethod" is-config="true" duration-ms="1" started-at="2017-01-09T15:46:57Z" finished-at="2017-01-09T15:46:57Z">
          <params>
            <param index="0">
              <value>
                <![CDATA[public void cz.muni.fi.pa165.travelAgency.persistence.dao.ExcursionDaoTest.remove()]]>
              </value>
            </param>
          </params>
          <reporter-output>
[...]
          <params>
            <param index="0">
              <value>
                <![CDATA[public void cz.muni.fi.pa165.travelAgency.persistence.dao.TripDaoTest.testRemove()]]>
              </value>
            </param>
          </params>
          <reporter-output>
          </reporter-output>
        </test-method> <!-- springTestContextAfterTestMethod -->
        <test-method status="PASS" signature="springTestContextBeforeTestMethod(java.lang.reflect.Method)[pri:0, instance:cz.muni.fi.pa165.travelAgency.persistence.dao.TripDaoTest@6737fd8f]" name="springTestContextBeforeTestMethod" is-config="true" duration-ms="1" started-at="2017-01-09T15:46:58Z" finished-at="2017-01-09T15:46:58Z">
          <params>
            <param index="0">
              <value>
                <![CDATA[public void cz.muni.fi.pa165.travelAgency.persistence.dao.TripDaoTest.testRemoveNull()]]>
              </value>
            </param>
          </params>
          <reporter-output>
          </reporter-output>
        </test-method> <!-- springTestContextBeforeTestMethod -->
        <test-method status="PASS" signature="setUp()[pri:0, instance:cz.muni.fi.pa165.travelAgency.persistence.dao.TripDaoTest@6737fd8f]" name="setUp" is-config="true" duration-ms="0" started-at="2017-01-09T15:46:58Z" finished-at="2017-01-09T15:46:58Z">
          <reporter-output>
          </reporter-output>
        </test-method> <!-- setUp -->
        <test-method status="PASS" signature="testRemoveNull()[pri:0, instance:cz.muni.fi.pa165.travelAgency.persistence.dao.TripDaoTest@6737fd8f]" name="testRemoveNull" duration-ms="2" started-at="2017-01-09T15:46:58Z" finished-at="2017-01-09T15:46:58Z">
          <exception class="org.springframework.dao.InvalidDataAccessApiUsageException">
            <message>
              <![CDATA[attempt to create merge event with null entity; nested exception is java.lang.IllegalArgumentException: attempt to create merge event with null entity]]>
            </message>
            <full-stacktrace>
              <![CDATA[org.springframework.dao.InvalidDataAccessApiUsageException: attempt to create merge event with null entity; nested exception is java.lang.IllegalArgumentException: attempt to create merge event with null entity
	at org.springframework.orm.jpa.EntityManagerFactoryUtils.convertJpaAccessExceptionIfPossible(EntityManagerFactoryUtils.java:384)
	at org.springframework.orm.jpa.AbstractEntityManagerFactoryBean.translateExceptionIfPossible(AbstractEntityManagerFactoryBean.java:418)
	at org.springframework.dao.support.ChainedPersistenceExceptionTranslator.translateExceptionIfPossible(ChainedPersistenceExceptionTranslator.java:59)
	at org.springframework.dao.support.DataAccessUtils.translateIfNecessary(DataAccessUtils.java:213)
	at org.springframework.dao.support.PersistenceExceptionTranslationInterceptor.invoke(PersistenceExceptionTranslationInterceptor.java:147)
	at org.springframework.aop.framework.ReflectiveMethodInvocation.proceed(ReflectiveMethodInvocation.java:179)
	at org.springframework.transaction.interceptor.TransactionInterceptor$1.proceedWithInvocation(TransactionInterceptor.java:98)
	at org.springframework.transaction.interceptor.TransactionAspectSupport.invokeWithinTransaction(TransactionAspectSupport.java:262)
	at org.springframework.transaction.interceptor.TransactionInterceptor.invoke(TransactionInterceptor.java:95)
	at org.springframework.aop.framework.ReflectiveMethodInvocation.proceed(ReflectiveMethodInvocation.java:179)
	at org.springframework.aop.framework.JdkDynamicAopProxy.invoke(JdkDynamicAopProxy.java:207)
	at com.sun.proxy.$Proxy50.remove(Unknown Source)
	at cz.muni.fi.pa165.travelAgency.persistence.dao.TripDaoTest.testRemoveNull(TripDaoTest.java:150)
	at sun.reflect.NativeMethodAccessorImpl.invoke0(Native Method)
	at sun.reflect.NativeMethodAccessorImpl.invoke(NativeMethodAccessorImpl.java:62)
	at sun.reflect.DelegatingMethodAccessorImpl.invoke(DelegatingMethodAccessorImpl.java:43)
	at java.lang.reflect.Method.invoke(Method.java:498)
	at org.testng.internal.MethodInvocationHelper.invokeMethod(MethodInvocationHelper.java:85)
	at org.testng.internal.MethodInvocationHelper$1.runTestMethod(MethodInvocationHelper.java:200)
	at org.springframework.test.context.testng.AbstractTestNGSpringContextTests.run(AbstractTestNGSpringContextTests.java:172)
	at org.testng.internal.MethodInvocationHelper.invokeHookable(MethodInvocationHelper.java:212)
	at org.testng.internal.Invoker.invokeMethod(Invoker.java:689)
	at org.testng.internal.Invoker.invokeTestMethod(Invoker.java:882)
	at org.testng.internal.Invoker.invokeTestMethods(Invoker.java:1189)
	at org.testng.internal.TestMethodWorker.invokeTestMethods(TestMethodWorker.java:124)
	at org.testng.internal.TestMethodWorker.run(TestMethodWorker.java:108)
	at org.testng.TestRunner.privateRun(TestRunner.java:767)
	at org.testng.TestRunner.run(TestRunner.java:617)
	at org.testng.SuiteRunner.runTest(SuiteRunner.java:348)
	at org.testng.SuiteRunner.runSequentially(SuiteRunner.java:343)
	at org.testng.SuiteRunner.privateRun(SuiteRunner.java:305)
	at org.testng.SuiteRunner.run(SuiteRunner.java:254)
	at org.testng.SuiteRunnerWorker.runSuite(SuiteRunnerWorker.java:52)
	at org.testng.SuiteRunnerWorker.run(SuiteRunnerWorker.java:86)
	at org.testng.TestNG.runSuitesSequentially(TestNG.java:1224)
	at org.testng.TestNG.runSuitesLocally(TestNG.java:1149)
	at org.testng.TestNG.run(TestNG.java:1057)
	at org.apache.maven.surefire.testng.TestNGExecutor.run(TestNGExecutor.java:115)
	at org.apache.maven.surefire.testng.TestNGDirectoryTestSuite.executeMulti(TestNGDirectoryTestSuite.java:205)
	at org.apache.maven.surefire.testng.TestNGDirectoryTestSuite.execute(TestNGDirectoryTestSuite.java:108)
	at org.apache.maven.surefire.testng.TestNGProvider.invoke(TestNGProvider.java:111)
	at org.apache.maven.surefire.booter.ForkedBooter.invokeProviderInSameClassLoader(ForkedBooter.java:203)
	at org.apache.maven.surefire.booter.ForkedBooter.runSuitesInProcess(ForkedBooter.java:155)
	at org.apache.maven.surefire.booter.ForkedBooter.main(ForkedBooter.java:103)
Caused by: java.lang.IllegalArgumentException: attempt to create merge event with null entity
	at org.hibernate.event.spi.MergeEvent.<init>(MergeEvent.java:59)
	at org.hibernate.event.spi.MergeEvent.<init>(MergeEvent.java:42)
	at org.hibernate.internal.SessionImpl.merge(SessionImpl.java:858)
	at org.hibernate.internal.SessionImpl.merge(SessionImpl.java:863)
	at org.hibernate.jpa.spi.AbstractEntityManagerImpl.merge(AbstractEntityManagerImpl.java:1196)
	at sun.reflect.NativeMethodAccessorImpl.invoke0(Native Method)
	at sun.reflect.NativeMethodAccessorImpl.invoke(NativeMethodAccessorImpl.java:62)
	at sun.reflect.DelegatingMethodAccessorImpl.invoke(DelegatingMethodAccessorImpl.java:43)
	at java.lang.reflect.Method.invoke(Method.java:498)
	at org.springframework.orm.jpa.SharedEntityManagerCreator$SharedEntityManagerInvocationHandler.invoke(SharedEntityManagerCreator.java:289)
	at com.sun.proxy.$Proxy45.merge(Unknown Source)
	at cz.muni.fi.pa165.travelAgency.persistence.dao.TripDaoImpl.remove(TripDaoImpl.java:29)
	at sun.reflect.NativeMethodAccessorImpl.invoke0(Native Method)
	at sun.reflect.NativeMethodAccessorImpl.invoke(NativeMethodAccessorImpl.java:62)
	at sun.reflect.DelegatingMethodAccessorImpl.invoke(DelegatingMethodAccessorImpl.java:43)
	at java.lang.reflect.Method.invoke(Method.java:498)
	at org.springframework.aop.support.AopUtils.invokeJoinpointUsingReflection(AopUtils.java:317)
	at org.springframework.aop.framework.ReflectiveMethodInvocation.invokeJoinpoint(ReflectiveMethodInvocation.java:190)
	at org.springframework.aop.framework.ReflectiveMethodInvocation.proceed(ReflectiveMethodInvocation.java:157)
	at org.springframework.dao.support.PersistenceExceptionTranslationInterceptor.invoke(PersistenceExceptionTranslationInterceptor.java:136)
	... 39 more
]]>
            </full-stacktrace>
          </exception> <!-- org.springframework.dao.InvalidDataAccessApiUsageException -->
          <reporter-output>
          </reporter-output>
        </test-method> <!-- testRemoveNull -->
        <test-method status="PASS" signature="springTestContextAfterTestMethod(java.lang.reflect.Method)[pri:0, instance:cz.muni.fi.pa165.travelAgency.persistence.dao.TripDaoTest@6737fd8f]" name="springTestContextAfterTestMethod" is-config="true" duration-ms="1" started-at="2017-01-09T15:46:58Z" finished-at="2017-01-09T15:46:58Z">
          <params>
            <param index="0">
              <value>
                <![CDATA[public void cz.muni.fi.pa165.travelAgency.persistence.dao.TripDaoTest.testRemoveNull()]]>
              </value>
            </param>
          </params>
          <reporter-output>
          </reporter-output>
        </test-method> <!-- springTestContextAfterTestMethod -->
        <test-method status="PASS" signature="springTestContextBeforeTestMethod(java.lang.reflect.Method)[pri:0, instance:cz.muni.fi.pa165.travelAgency.persistence.dao.TripDaoTest@6737fd8f]" name="springTestContextBeforeTestMethod" is-config="true" duration-ms="2" started-at="2017-01-09T15:46:58Z" finished-at="2017-01-09T15:46:58Z">
          <params>
            <param index="0">
              <value>
                <![CDATA[public void cz.muni.fi.pa165.travelAgency.persistence.dao.TripDaoTest.testUpdate()]]>
              </value>
            </param>
          </params>
          <reporter-output>
          </reporter-output>
        </test-method> <!-- springTestContextBeforeTestMethod -->
        <test-method status="PASS" signature="testUpdate()[pri:0, instance:cz.muni.fi.pa165.travelAgency.persistence.dao.TripDaoTest@6737fd8f]" name="testUpdate" duration-ms="3" started-at="2017-01-09T15:46:58Z" finished-at="2017-01-09T15:46:58Z">
          <reporter-output>
          </reporter-output>
        </test-method> <!-- testUpdate -->
        <test-method status="PASS" signature="setUp()[pri:0, instance:cz.muni.fi.pa165.travelAgency.persistence.dao.TripDaoTest@6737fd8f]" name="setUp" is-config="true" duration-ms="0" started-at="2017-01-09T15:46:58Z" finished-at="2017-01-09T15:46:58Z">
          <reporter-output>
          </reporter-output>
        </test-method> <!-- setUp -->
        <test-method status="PASS" signature="springTestContextAfterTestMethod(java.lang.reflect.Method)[pri:0, instance:cz.muni.fi.pa165.travelAgency.persistence.dao.TripDaoTest@6737fd8f]" name="springTestContextAfterTestMethod" is-config="true" duration-ms="1" started-at="2017-01-09T15:46:58Z" finished-at="2017-01-09T15:46:58Z">
          <params>
            <param index="0">
              <value>
                <![CDATA[public void cz.muni.fi.pa165.travelAgency.persistence.dao.TripDaoTest.testUpdate()]]>
              </value>
            </param>
          </params>
          <reporter-output>
          </reporter-output>
        </test-method> <!-- springTestContextAfterTestMethod -->
        <test-method status="PASS" signature="springTestContextBeforeTestMethod(java.lang.reflect.Method)[pri:0, instance:cz.muni.fi.pa165.travelAgency.persistence.dao.TripDaoTest@6737fd8f]" name="springTestContextBeforeTestMethod" is-config="true" duration-ms="3" started-at="2017-01-09T15:46:58Z" finished-at="2017-01-09T15:46:58Z">
          <params>
            <param index="0">
              <value>
                <![CDATA[public void cz.muni.fi.pa165.travelAgency.persistence.dao.TripDaoTest.testUpdateNull()]]>
              </value>
            </param>
          </params>
          <reporter-output>
          </reporter-output>
        </test-method> <!-- springTestContextBeforeTestMethod -->
        <test-method status="PASS" signature="setUp()[pri:0, instance:cz.muni.fi.pa165.travelAgency.persistence.dao.TripDaoTest@6737fd8f]" name="setUp" is-config="true" duration-ms="0" started-at="2017-01-09T15:46:58Z" finished-at="2017-01-09T15:46:58Z">
          <reporter-output>
          </reporter-output>
        </test-method> <!-- setUp -->
        <test-method status="PASS" signature="testUpdateNull()[pri:0, instance:cz.muni.fi.pa165.travelAgency.persistence.dao.TripDaoTest@6737fd8f]" name="testUpdateNull" duration-ms="5" started-at="2017-01-09T15:46:58Z" finished-at="2017-01-09T15:46:58Z">
          <exception class="org.springframework.dao.InvalidDataAccessApiUsageException">
            <message>
              <![CDATA[attempt to create merge event with null entity; nested exception is java.lang.IllegalArgumentException: attempt to create merge event with null entity]]>
            </message>
            <full-stacktrace>
              <![CDATA[org.springframework.dao.InvalidDataAccessApiUsageException: attempt to create merge event with null entity; nested exception is java.lang.IllegalArgumentException: attempt to create merge event with null entity
	at org.springframework.orm.jpa.EntityManagerFactoryUtils.convertJpaAccessExceptionIfPossible(EntityManagerFactoryUtils.java:384)
	at org.springframework.orm.jpa.AbstractEntityManagerFactoryBean.translateExceptionIfPossible(AbstractEntityManagerFactoryBean.java:418)
	at org.springframework.dao.support.ChainedPersistenceExceptionTranslator.translateExceptionIfPossible(ChainedPersistenceExceptionTranslator.java:59)
	at org.springframework.dao.support.DataAccessUtils.translateIfNecessary(DataAccessUtils.java:213)
	at org.springframework.dao.support.PersistenceExceptionTranslationInterceptor.invoke(PersistenceExceptionTranslationInterceptor.java:147)
	at org.springframework.aop.framework.ReflectiveMethodInvocation.proceed(ReflectiveMethodInvocation.java:179)
	at org.springframework.transaction.interceptor.TransactionInterceptor$1.proceedWithInvocation(TransactionInterceptor.java:98)
	at org.springframework.transaction.interceptor.TransactionAspectSupport.invokeWithinTransaction(TransactionAspectSupport.java:262)
	at org.springframework.transaction.interceptor.TransactionInterceptor.invoke(TransactionInterceptor.java:95)
	at org.springframework.aop.framework.ReflectiveMethodInvocation.proceed(ReflectiveMethodInvocation.java:179)
	at org.springframework.aop.framework.JdkDynamicAopProxy.invoke(JdkDynamicAopProxy.java:207)
	at com.sun.proxy.$Proxy50.update(Unknown Source)
	at cz.muni.fi.pa165.travelAgency.persistence.dao.TripDaoTest.testUpdateNull(TripDaoTest.java:144)
	at sun.reflect.NativeMethodAccessorImpl.invoke0(Native Method)
	at sun.reflect.NativeMethodAccessorImpl.invoke(NativeMethodAccessorImpl.java:62)
	at sun.reflect.DelegatingMethodAccessorImpl.invoke(DelegatingMethodAccessorImpl.java:43)
	at java.lang.reflect.Method.invoke(Method.java:498)
	at org.testng.internal.MethodInvocationHelper.invokeMethod(MethodInvocationHelper.java:85)
	at org.testng.internal.MethodInvocationHelper$1.runTestMethod(MethodInvocationHelper.java:200)
	at org.springframework.test.context.testng.AbstractTestNGSpringContextTests.run(AbstractTestNGSpringContextTests.java:172)
	at org.testng.internal.MethodInvocationHelper.invokeHookable(MethodInvocationHelper.java:212)
	at org.testng.internal.Invoker.invokeMethod(Invoker.java:689)
	at org.testng.internal.Invoker.invokeTestMethod(Invoker.java:882)
	at org.testng.internal.Invoker.invokeTestMethods(Invoker.java:1189)
	at org.testng.internal.TestMethodWorker.invokeTestMethods(TestMethodWorker.java:124)
	at org.testng.internal.TestMethodWorker.run(TestMethodWorker.java:108)
	at org.testng.TestRunner.privateRun(TestRunner.java:767)
	at org.testng.TestRunner.run(TestRunner.java:617)
	at org.testng.SuiteRunner.runTest(SuiteRunner.java:348)
	at org.testng.SuiteRunner.runSequentially(SuiteRunner.java:343)
	at org.testng.SuiteRunner.privateRun(SuiteRunner.java:305)
	at org.testng.SuiteRunner.run(SuiteRunner.java:254)
	at org.testng.SuiteRunnerWorker.runSuite(SuiteRunnerWorker.java:52)
	at org.testng.SuiteRunnerWorker.run(SuiteRunnerWorker.java:86)
	at org.testng.TestNG.runSuitesSequentially(TestNG.java:1224)
	at org.testng.TestNG.runSuitesLocally(TestNG.java:1149)
	at org.testng.TestNG.run(TestNG.java:1057)
	at org.apache.maven.surefire.testng.TestNGExecutor.run(TestNGExecutor.java:115)
	at org.apache.maven.surefire.testng.TestNGDirectoryTestSuite.executeMulti(TestNGDirectoryTestSuite.java:205)
	at org.apache.maven.surefire.testng.TestNGDirectoryTestSuite.execute(TestNGDirectoryTestSuite.java:108)
	at org.apache.maven.surefire.testng.TestNGProvider.invoke(TestNGProvider.java:111)
	at org.apache.maven.surefire.booter.ForkedBooter.invokeProviderInSameClassLoader(ForkedBooter.java:203)
	at org.apache.maven.surefire.booter.ForkedBooter.runSuitesInProcess(ForkedBooter.java:155)
	at org.apache.maven.surefire.booter.ForkedBooter.main(ForkedBooter.java:103)
Caused by: java.lang.IllegalArgumentException: attempt to create merge event with null entity
	at org.hibernate.event.spi.MergeEvent.<init>(MergeEvent.java:59)
	at org.hibernate.event.spi.MergeEvent.<init>(MergeEvent.java:42)
	at org.hibernate.internal.SessionImpl.merge(SessionImpl.java:858)
	at org.hibernate.internal.SessionImpl.merge(SessionImpl.java:863)
	at org.hibernate.jpa.spi.AbstractEntityManagerImpl.merge(AbstractEntityManagerImpl.java:1196)
	at sun.reflect.NativeMethodAccessorImpl.invoke0(Native Method)
	at sun.reflect.NativeMethodAccessorImpl.invoke(NativeMethodAccessorImpl.java:62)
	at sun.reflect.DelegatingMethodAccessorImpl.invoke(DelegatingMethodAccessorImpl.java:43)
	at java.lang.reflect.Method.invoke(Method.java:498)
	at org.springframework.orm.jpa.SharedEntityManagerCreator$SharedEntityManagerInvocationHandler.invoke(SharedEntityManagerCreator.java:289)
	at com.sun.proxy.$Proxy45.merge(Unknown Source)
	at cz.muni.fi.pa165.travelAgency.persistence.dao.TripDaoImpl.update(TripDaoImpl.java:34)
	at sun.reflect.NativeMethodAccessorImpl.invoke0(Native Method)
	at sun.reflect.NativeMethodAccessorImpl.invoke(NativeMethodAccessorImpl.java:62)
	at sun.reflect.DelegatingMethodAccessorImpl.invoke(DelegatingMethodAccessorImpl.java:43)
	at java.lang.reflect.Method.invoke(Method.java:498)
	at org.springframework.aop.support.AopUtils.invokeJoinpointUsingReflection(AopUtils.java:317)
	at org.springframework.aop.framework.ReflectiveMethodInvocation.invokeJoinpoint(ReflectiveMethodInvocation.java:190)
	at org.springframework.aop.framework.ReflectiveMethodInvocation.proceed(ReflectiveMethodInvocation.java:157)
	at org.springframework.dao.support.PersistenceExceptionTranslationInterceptor.invoke(PersistenceExceptionTranslationInterceptor.java:136)
	... 39 more
]]>
            </full-stacktrace>
          </exception> <!-- org.springframework.dao.InvalidDataAccessApiUsageException -->
          <reporter-output>
          </reporter-output>
        </test-method> <!-- testUpdateNull -->
        <test-method status="PASS" signature="springTestContextAfterTestMethod(java.lang.reflect.Method)[pri:0, instance:cz.muni.fi.pa165.travelAgency.persistence.dao.TripDaoTest@6737fd8f]" name="springTestContextAfterTestMethod" is-config="true" duration-ms="1" started-at="2017-01-09T15:46:58Z" finished-at="2017-01-09T15:46:58Z">
          <params>
            <param index="0">
              <value>
                <![CDATA[public void cz.muni.fi.pa165.travelAgency.persistence.dao.TripDaoTest.testUpdateNull()]]>
              </value>
            </param>
          </params>
          <reporter-output>
          </reporter-output>
        </test-method> <!-- springTestContextAfterTestMethod -->
        <test-method status="PASS" signature="springTestContextAfterTestClass()[pri:0, instance:cz.muni.fi.pa165.travelAgency.persistence.dao.TripDaoTest@6737fd8f]" name="springTestContextAfterTestClass" is-config="true" duration-ms="0" started-at="2017-01-09T15:46:58Z" finished-at="2017-01-09T15:46:58Z">
          <reporter-output>
          </reporter-output>
        </test-method> <!-- springTestContextAfterTestClass -->
      </class> <!-- cz.muni.fi.pa165.travelAgency.persistence.dao.TripDaoTest -->
    </test> <!-- Surefire test -->
  </suite> <!-- Surefire suite -->
</testng-results>
