<?xml version="1.0" encoding="UTF-8"?>
<!-- Generated by org.testng.reporters.JUnitXMLReporter -->
<testsuite hostname="DESKTOP-AVD0AVT" name="Surefire test" tests="3" failures="0" timestamp="31 Oct 2016 17:29:37 GMT" time="3.315" errors="0">
  <testcase name="create" time="0.021" classname="cz.muni.fi.pa165.travelAgency.persistence.dao.ReservationDaoTest"/>
  <testcase name="findAllReservations" time="0.137" classname="cz.muni.fi.pa165.travelAgency.persistence.dao.ReservationDaoTest"/>
  <testcase name="testUpdate" time="0.002" classname="cz.muni.fi.pa165.travelAgency.persistence.dao.ReservationDaoTest"/>
</testsuite> <!-- Surefire test -->
