<?xml version="1.0" encoding="UTF-8"?>
<!-- Generated by org.testng.reporters.JUnitXMLReporter -->
<testsuite hostname="DESKTOP-AVD0AVT" name="Surefire test" tests="9" failures="0" timestamp="31 Oct 2016 18:50:10 GMT" time="3.554" errors="0">
  <testcase name="testCreateWithNullCreated" time="0.016" classname="cz.muni.fi.pa165.travelAgency.persistence.dao.ReservationDaoTest"/>
  <testcase name="testCreateWithNullCustomer" time="0.001" classname="cz.muni.fi.pa165.travelAgency.persistence.dao.ReservationDaoTest"/>
  <testcase name="testCreateWithNullTrip" time="0.001" classname="cz.muni.fi.pa165.travelAgency.persistence.dao.ReservationDaoTest"/>
  <testcase name="testFindAllReservations" time="0.174" classname="cz.muni.fi.pa165.travelAgency.persistence.dao.ReservationDaoTest"/>
  <testcase name="testFindByCustomer" time="0.027" classname="cz.muni.fi.pa165.travelAgency.persistence.dao.ReservationDaoTest"/>
  <testcase name="testFindById" time="0.007" classname="cz.muni.fi.pa165.travelAgency.persistence.dao.ReservationDaoTest"/>
  <testcase name="testFindByTrip" time="0.029" classname="cz.muni.fi.pa165.travelAgency.persistence.dao.ReservationDaoTest"/>
  <testcase name="testRemove" time="0.036" classname="cz.muni.fi.pa165.travelAgency.persistence.dao.ReservationDaoTest"/>
  <testcase name="testUpdate" time="0.007" classname="cz.muni.fi.pa165.travelAgency.persistence.dao.ReservationDaoTest"/>
</testsuite> <!-- Surefire test -->
